mode: set
github.com/maynagashev/go-metrics/cmd/staticlint/staticlint.go:77.49,80.16 3 1
github.com/maynagashev/go-metrics/cmd/staticlint/staticlint.go:80.16,83.3 2 1
github.com/maynagashev/go-metrics/cmd/staticlint/staticlint.go:86.2,86.50 1 1
github.com/maynagashev/go-metrics/cmd/staticlint/staticlint.go:86.50,89.3 2 1
github.com/maynagashev/go-metrics/cmd/staticlint/staticlint.go:91.2,91.18 1 1
github.com/maynagashev/go-metrics/cmd/staticlint/staticlint.go:111.24,116.35 3 1
github.com/maynagashev/go-metrics/cmd/staticlint/staticlint.go:116.35,119.3 2 1
github.com/maynagashev/go-metrics/cmd/staticlint/staticlint.go:119.8,119.41 1 0
github.com/maynagashev/go-metrics/cmd/staticlint/staticlint.go:119.41,122.3 2 0
github.com/maynagashev/go-metrics/cmd/staticlint/staticlint.go:125.2,125.11 1 1
github.com/maynagashev/go-metrics/cmd/staticlint/staticlint.go:125.11,128.35 2 1
github.com/maynagashev/go-metrics/cmd/staticlint/staticlint.go:128.35,130.4 1 1
github.com/maynagashev/go-metrics/cmd/staticlint/staticlint.go:133.3,133.38 1 1
github.com/maynagashev/go-metrics/cmd/staticlint/staticlint.go:133.38,134.29 1 0
github.com/maynagashev/go-metrics/cmd/staticlint/staticlint.go:134.29,136.5 1 0
github.com/maynagashev/go-metrics/cmd/staticlint/staticlint.go:138.3,142.4 1 1
github.com/maynagashev/go-metrics/cmd/staticlint/staticlint.go:143.8,147.3 2 1
github.com/maynagashev/go-metrics/cmd/staticlint/staticlint.go:149.2,149.17 1 1
github.com/maynagashev/go-metrics/cmd/staticlint/staticlint.go:154.56,156.42 2 1
github.com/maynagashev/go-metrics/cmd/staticlint/staticlint.go:156.42,158.3 1 1
github.com/maynagashev/go-metrics/cmd/staticlint/staticlint.go:159.2,159.15 1 1
github.com/maynagashev/go-metrics/cmd/staticlint/staticlint.go:164.55,166.41 2 1
github.com/maynagashev/go-metrics/cmd/staticlint/staticlint.go:166.41,168.3 1 1
github.com/maynagashev/go-metrics/cmd/staticlint/staticlint.go:169.2,169.15 1 1
github.com/maynagashev/go-metrics/cmd/staticlint/staticlint.go:174.57,176.37 2 1
github.com/maynagashev/go-metrics/cmd/staticlint/staticlint.go:176.37,179.75 2 1
github.com/maynagashev/go-metrics/cmd/staticlint/staticlint.go:179.75,181.4 1 1
github.com/maynagashev/go-metrics/cmd/staticlint/staticlint.go:182.3,182.62 1 1
github.com/maynagashev/go-metrics/cmd/staticlint/staticlint.go:187.13,227.2 10 0
