github.com/maynagashev/go-metrics/cmd/agent/flags.go:32:						mustParseFlags			100.0%
github.com/maynagashev/go-metrics/cmd/agent/main.go:12:							main				100.0%
github.com/maynagashev/go-metrics/cmd/agent/main.go:27:							initLogger			100.0%
github.com/maynagashev/go-metrics/cmd/agent/pprof.go:15:						initPprof			100.0%
github.com/maynagashev/go-metrics/cmd/agent/pprof.go:22:						startPProf			100.0%
github.com/maynagashev/go-metrics/cmd/migrate/main.go:13:						run				57.1%
github.com/maynagashev/go-metrics/cmd/migrate/main.go:31:						main				100.0%
github.com/maynagashev/go-metrics/cmd/server/main.go:49:						main				0.0%
github.com/maynagashev/go-metrics/cmd/server/main.go:83:						initStorage			0.0%
github.com/maynagashev/go-metrics/cmd/server/main.go:96:						initLogger			0.0%
github.com/maynagashev/go-metrics/cmd/staticlint/passes/errcheck/analyzer.go:12:			getErrorType			69.2%
github.com/maynagashev/go-metrics/cmd/staticlint/passes/errcheck/analyzer.go:33:			NewAnalyzer			100.0%
github.com/maynagashev/go-metrics/cmd/staticlint/passes/errcheck/analyzer.go:44:			isErrorType			100.0%
github.com/maynagashev/go-metrics/cmd/staticlint/passes/errcheck/analyzer.go:62:			shouldIgnoreCall		81.8%
github.com/maynagashev/go-metrics/cmd/staticlint/passes/errcheck/analyzer.go:87:			processExprStmt			83.3%
github.com/maynagashev/go-metrics/cmd/staticlint/passes/errcheck/analyzer.go:99:			processTupleAssign		80.0%
github.com/maynagashev/go-metrics/cmd/staticlint/passes/errcheck/analyzer.go:117:			processMultiAssign		0.0%
github.com/maynagashev/go-metrics/cmd/staticlint/passes/errcheck/analyzer.go:138:			processNode			83.3%
github.com/maynagashev/go-metrics/cmd/staticlint/passes/errcheck/analyzer.go:152:			run				100.0%
github.com/maynagashev/go-metrics/cmd/staticlint/passes/errcheck/analyzer.go:169:			resultErrors			70.0%
github.com/maynagashev/go-metrics/cmd/staticlint/passes/errcheck/analyzer.go:191:			isReturnError			75.0%
github.com/maynagashev/go-metrics/cmd/staticlint/staticlint.go:25:					main				0.0%
github.com/maynagashev/go-metrics/example/setup.go:21:							SetupTestMetric			84.6%
github.com/maynagashev/go-metrics/internal/agent/agent.go:92:						IsRequestSigningEnabled		0.0%
github.com/maynagashev/go-metrics/internal/agent/agent.go:97:						Run				0.0%
github.com/maynagashev/go-metrics/internal/agent/agent.go:127:						runPolls			0.0%
github.com/maynagashev/go-metrics/internal/agent/agent.go:149:						runReports			0.0%
github.com/maynagashev/go-metrics/internal/agent/agent.go:158:						GetMetrics			90.9%
github.com/maynagashev/go-metrics/internal/agent/collect.go:13:						ResetMetrics			100.0%
github.com/maynagashev/go-metrics/internal/agent/collect.go:18:						CollectRuntimeMetrics		100.0%
github.com/maynagashev/go-metrics/internal/agent/collect.go:52:						CollectAdditionalMetrics	0.0%
github.com/maynagashev/go-metrics/internal/agent/send.go:22:						sendMetrics			0.0%
github.com/maynagashev/go-metrics/internal/agent/send.go:62:						isRetriableSendError		0.0%
github.com/maynagashev/go-metrics/internal/agent/send.go:88:						makeUpdatesRequest		0.0%
github.com/maynagashev/go-metrics/internal/agent/workerpool.go:22:					worker				0.0%
github.com/maynagashev/go-metrics/internal/agent/workerpool.go:40:					collector			0.0%
github.com/maynagashev/go-metrics/internal/contracts/metrics/metrics.go:25:				NewMetric			100.0%
github.com/maynagashev/go-metrics/internal/contracts/metrics/metrics.go:34:				NewCounter			100.0%
github.com/maynagashev/go-metrics/internal/contracts/metrics/metrics.go:38:				NewGauge			100.0%
github.com/maynagashev/go-metrics/internal/contracts/metrics/metrics.go:42:				String				71.4%
github.com/maynagashev/go-metrics/internal/contracts/metrics/metrics.go:57:				ValueString			66.7%
github.com/maynagashev/go-metrics/internal/contracts/metrics/metrics.go:70:				ToJSON				0.0%
github.com/maynagashev/go-metrics/internal/server/app/app.go:25:					New				0.0%
github.com/maynagashev/go-metrics/internal/server/app/app.go:33:					Start				0.0%
github.com/maynagashev/go-metrics/internal/server/app/app.go:52:					GetStoreInterval		0.0%
github.com/maynagashev/go-metrics/internal/server/app/config.go:29:					NewConfig			0.0%
github.com/maynagashev/go-metrics/internal/server/app/config.go:45:					IsStoreEnabled			100.0%
github.com/maynagashev/go-metrics/internal/server/app/config.go:50:					IsRestoreEnabled		100.0%
github.com/maynagashev/go-metrics/internal/server/app/config.go:55:					GetStorePath			0.0%
github.com/maynagashev/go-metrics/internal/server/app/config.go:60:					IsSyncStore			0.0%
github.com/maynagashev/go-metrics/internal/server/app/config.go:65:					GetStoreInterval		0.0%
github.com/maynagashev/go-metrics/internal/server/app/config.go:70:					IsDatabaseEnabled		100.0%
github.com/maynagashev/go-metrics/internal/server/app/config.go:75:					IsRequestSigningEnabled		0.0%
github.com/maynagashev/go-metrics/internal/server/app/flags.go:37:					ParseFlags			0.0%
github.com/maynagashev/go-metrics/internal/server/handlers/json/index/index.go:13:			New				0.0%
github.com/maynagashev/go-metrics/internal/server/handlers/json/ping/ping.go:28:			Handle				100.0%
github.com/maynagashev/go-metrics/internal/server/handlers/json/ping/ping.go:40:			New				0.0%
github.com/maynagashev/go-metrics/internal/server/handlers/json/update/json_update.go:35:		New				0.0%
github.com/maynagashev/go-metrics/internal/server/handlers/json/update/json_update.go:72:		parseMetricFromRequest		0.0%
github.com/maynagashev/go-metrics/internal/server/handlers/json/updates/json_updates.go:24:		NewBulkUpdate			4.8%
github.com/maynagashev/go-metrics/internal/server/handlers/json/updates/json_updates.go:65:		validateRequest			0.0%
github.com/maynagashev/go-metrics/internal/server/handlers/json/value/json_value.go:19:			New				0.0%
github.com/maynagashev/go-metrics/internal/server/handlers/json/value/json_value.go:58:			parseMetricFromRequest		0.0%
github.com/maynagashev/go-metrics/internal/server/handlers/plain/index/index.go:15:			New				85.7%
github.com/maynagashev/go-metrics/internal/server/handlers/plain/update/plain_update.go:19:		New				78.9%
github.com/maynagashev/go-metrics/internal/server/handlers/plain/value/plain_value.go:15:		New				0.0%
github.com/maynagashev/go-metrics/internal/server/middleware/decompress/decompress.go:12:		New				0.0%
github.com/maynagashev/go-metrics/internal/server/middleware/decompresspool/decompresspool.go:22:	New				50.0%
github.com/maynagashev/go-metrics/internal/server/middleware/decompresspool/decompresspool.go:41:	Handler				17.9%
github.com/maynagashev/go-metrics/internal/server/middleware/decompresspool/decompresspool.go:98:	Close				0.0%
github.com/maynagashev/go-metrics/internal/server/middleware/logger/logger.go:16:			New				100.0%
github.com/maynagashev/go-metrics/internal/server/middleware/logger/logger.go:57:			readRequestBody			75.0%
github.com/maynagashev/go-metrics/internal/server/router/router.go:25:					New				56.7%
github.com/maynagashev/go-metrics/internal/server/storage/memory/memory.go:30:				New				45.0%
github.com/maynagashev/go-metrics/internal/server/storage/memory/memory.go:81:				Close				0.0%
github.com/maynagashev/go-metrics/internal/server/storage/memory/memory.go:89:				UpdateGauge			0.0%
github.com/maynagashev/go-metrics/internal/server/storage/memory/memory.go:94:				IncrementCounter		100.0%
github.com/maynagashev/go-metrics/internal/server/storage/memory/memory.go:99:				UpdateMetric			38.5%
github.com/maynagashev/go-metrics/internal/server/storage/memory/memory.go:128:				UpdateMetrics			0.0%
github.com/maynagashev/go-metrics/internal/server/storage/memory/memory.go:138:				GetGauges			0.0%
github.com/maynagashev/go-metrics/internal/server/storage/memory/memory.go:142:				GetCounters			0.0%
github.com/maynagashev/go-metrics/internal/server/storage/memory/memory.go:146:				GetGauge			0.0%
github.com/maynagashev/go-metrics/internal/server/storage/memory/memory.go:151:				GetCounter			100.0%
github.com/maynagashev/go-metrics/internal/server/storage/memory/memory.go:156:				Count				0.0%
github.com/maynagashev/go-metrics/internal/server/storage/memory/memory.go:160:				GetMetric			50.0%
github.com/maynagashev/go-metrics/internal/server/storage/memory/memory.go:181:				GetMetrics			0.0%
github.com/maynagashev/go-metrics/internal/server/storage/memory/memory.go:200:				storeMetricsToFile		0.0%
github.com/maynagashev/go-metrics/internal/server/storage/memory/memory.go:244:				restoreMetricsFromFile		0.0%
github.com/maynagashev/go-metrics/internal/server/storage/pgstorage/migration/migration.go:17:		Up				0.0%
github.com/maynagashev/go-metrics/internal/server/storage/pgstorage/pgstorage.go:34:			New				0.0%
github.com/maynagashev/go-metrics/internal/server/storage/pgstorage/pgstorage.go:57:			Close				0.0%
github.com/maynagashev/go-metrics/internal/server/storage/pgstorage/pgstorage.go:62:			Count				0.0%
github.com/maynagashev/go-metrics/internal/server/storage/pgstorage/pgstorage.go:71:			GetMetrics			0.0%
github.com/maynagashev/go-metrics/internal/server/storage/pgstorage/pgstorage.go:94:			GetMetric			0.0%
github.com/maynagashev/go-metrics/internal/server/storage/pgstorage/pgstorage.go:129:			GetCounter			0.0%
github.com/maynagashev/go-metrics/internal/server/storage/pgstorage/pgstorage.go:138:			GetGauge			0.0%
github.com/maynagashev/go-metrics/internal/server/storage/pgstorage/pgstorage.go:145:			UpdateMetric			0.0%
github.com/maynagashev/go-metrics/internal/server/storage/pgstorage/pgstorage.go:166:			UpdateMetrics			0.0%
github.com/maynagashev/go-metrics/internal/server/storage/pgstorage/pgstorage.go:216:			isRetriableError		0.0%
github.com/maynagashev/go-metrics/internal/server/storage/storage.go:16:				String				0.0%
github.com/maynagashev/go-metrics/internal/server/storage/storage.go:19:				String				0.0%
github.com/maynagashev/go-metrics/mocks/Repository.go:19:						Close				0.0%
github.com/maynagashev/go-metrics/mocks/Repository.go:37:						Count				0.0%
github.com/maynagashev/go-metrics/mocks/Repository.go:55:						GetCounter			0.0%
github.com/maynagashev/go-metrics/mocks/Repository.go:83:						GetGauge			0.0%
github.com/maynagashev/go-metrics/mocks/Repository.go:111:						GetMetric			0.0%
github.com/maynagashev/go-metrics/mocks/Repository.go:139:						GetMetrics			0.0%
github.com/maynagashev/go-metrics/mocks/Repository.go:159:						UpdateMetric			0.0%
github.com/maynagashev/go-metrics/mocks/Repository.go:177:						UpdateMetrics			0.0%
github.com/maynagashev/go-metrics/mocks/Repository.go:196:						NewRepository			0.0%
github.com/maynagashev/go-metrics/mocks/Storage.go:16:							GetMetrics			77.8%
github.com/maynagashev/go-metrics/mocks/Storage.go:37:							NewStorage			0.0%
github.com/maynagashev/go-metrics/pkg/middleware/gzip/compress.go:13:					Compress			0.0%
github.com/maynagashev/go-metrics/pkg/random/float.go:12:						GenerateRandomFloat64		0.0%
github.com/maynagashev/go-metrics/pkg/response/response.go:22:						OK				100.0%
github.com/maynagashev/go-metrics/pkg/response/response.go:30:						Error				0.0%
github.com/maynagashev/go-metrics/pkg/response/response.go:39:						writeResponse			60.0%
github.com/maynagashev/go-metrics/pkg/sign/sign.go:15:							ComputeHMACSHA256		0.0%
github.com/maynagashev/go-metrics/pkg/sign/sign.go:22:							VerifyHMACSHA256		0.0%
total:													(statements)			29.5%
