mode: set
github.com/maynagashev/go-metrics/cmd/migrate/main.go:13.44,14.15 1 1
github.com/maynagashev/go-metrics/cmd/migrate/main.go:14.15,18.3 1 1
github.com/maynagashev/go-metrics/cmd/migrate/main.go:19.2,19.26 1 1
github.com/maynagashev/go-metrics/cmd/migrate/main.go:19.26,23.3 1 1
github.com/maynagashev/go-metrics/cmd/migrate/main.go:25.2,25.58 1 0
github.com/maynagashev/go-metrics/cmd/migrate/main.go:25.58,27.3 1 0
github.com/maynagashev/go-metrics/cmd/migrate/main.go:28.2,28.12 1 0
github.com/maynagashev/go-metrics/cmd/migrate/main.go:31.13,42.49 5 1
github.com/maynagashev/go-metrics/cmd/migrate/main.go:42.49,43.13 1 1
github.com/maynagashev/go-metrics/internal/server/storage/pgstorage/migration/migration.go:17.50,21.16 4 0
github.com/maynagashev/go-metrics/internal/server/storage/pgstorage/migration/migration.go:21.16,22.13 1 0
github.com/maynagashev/go-metrics/internal/server/storage/pgstorage/migration/migration.go:25.2,25.30 1 0
github.com/maynagashev/go-metrics/internal/server/storage/pgstorage/migration/migration.go:25.30,26.42 1 0
github.com/maynagashev/go-metrics/internal/server/storage/pgstorage/migration/migration.go:26.42,29.4 2 0
github.com/maynagashev/go-metrics/internal/server/storage/pgstorage/migration/migration.go:30.3,30.13 1 0
github.com/maynagashev/go-metrics/internal/server/storage/pgstorage/migration/migration.go:33.2,34.12 2 0
github.com/maynagashev/go-metrics/cmd/server/main.go:63.21,67.2 3 1
github.com/maynagashev/go-metrics/cmd/server/main.go:69.13,71.15 2 0
github.com/maynagashev/go-metrics/cmd/server/main.go:71.15,74.60 1 0
github.com/maynagashev/go-metrics/cmd/server/main.go:74.60,76.4 1 0
github.com/maynagashev/go-metrics/cmd/server/main.go:79.2,82.16 3 0
github.com/maynagashev/go-metrics/cmd/server/main.go:82.16,83.13 1 0
github.com/maynagashev/go-metrics/cmd/server/main.go:86.2,91.23 4 0
github.com/maynagashev/go-metrics/cmd/server/main.go:91.23,93.20 2 0
github.com/maynagashev/go-metrics/cmd/server/main.go:95.2,95.15 1 0
github.com/maynagashev/go-metrics/cmd/server/main.go:95.15,97.22 2 0
github.com/maynagashev/go-metrics/cmd/server/main.go:97.22,99.4 1 0
github.com/maynagashev/go-metrics/cmd/server/main.go:102.2,106.29 3 0
github.com/maynagashev/go-metrics/cmd/server/main.go:109.80,111.29 1 1
github.com/maynagashev/go-metrics/cmd/server/main.go:111.29,113.17 2 0
github.com/maynagashev/go-metrics/cmd/server/main.go:113.17,115.4 1 0
github.com/maynagashev/go-metrics/cmd/server/main.go:116.3,116.17 1 0
github.com/maynagashev/go-metrics/cmd/server/main.go:119.2,119.34 1 1
github.com/maynagashev/go-metrics/cmd/server/main.go:122.31,131.16 4 1
github.com/maynagashev/go-metrics/cmd/server/main.go:131.16,133.13 1 0
github.com/maynagashev/go-metrics/cmd/server/main.go:135.2,135.15 1 1
github.com/maynagashev/go-metrics/internal/server/storage/pgstorage/migration/migration.go:17.50,21.16 4 0
github.com/maynagashev/go-metrics/internal/server/storage/pgstorage/migration/migration.go:21.16,22.13 1 0
github.com/maynagashev/go-metrics/internal/server/storage/pgstorage/migration/migration.go:25.2,25.30 1 0
github.com/maynagashev/go-metrics/internal/server/storage/pgstorage/migration/migration.go:25.30,26.42 1 0
github.com/maynagashev/go-metrics/internal/server/storage/pgstorage/migration/migration.go:26.42,29.4 2 0
github.com/maynagashev/go-metrics/internal/server/storage/pgstorage/migration/migration.go:30.3,30.13 1 0
github.com/maynagashev/go-metrics/internal/server/storage/pgstorage/migration/migration.go:33.2,34.12 2 0
github.com/maynagashev/go-metrics/internal/server/handlers/json/index/index.go:13.50,14.54 1 1
github.com/maynagashev/go-metrics/internal/server/handlers/json/index/index.go:14.54,20.17 4 1
github.com/maynagashev/go-metrics/internal/server/handlers/json/index/index.go:20.17,23.4 2 0
github.com/maynagashev/go-metrics/internal/server/handlers/json/index/index.go:24.3,25.17 2 1
github.com/maynagashev/go-metrics/internal/server/handlers/json/index/index.go:25.17,28.4 2 0
github.com/maynagashev/go-metrics/internal/contracts/metrics/metrics.go:25.85,32.2 1 1
github.com/maynagashev/go-metrics/internal/contracts/metrics/metrics.go:34.49,36.2 1 1
github.com/maynagashev/go-metrics/internal/contracts/metrics/metrics.go:38.49,40.2 1 1
github.com/maynagashev/go-metrics/internal/contracts/metrics/metrics.go:42.34,43.14 1 1
github.com/maynagashev/go-metrics/internal/contracts/metrics/metrics.go:43.14,45.3 1 0
github.com/maynagashev/go-metrics/internal/contracts/metrics/metrics.go:46.2,46.20 1 1
github.com/maynagashev/go-metrics/internal/contracts/metrics/metrics.go:46.20,48.3 1 1
github.com/maynagashev/go-metrics/internal/contracts/metrics/metrics.go:49.2,49.20 1 1
github.com/maynagashev/go-metrics/internal/contracts/metrics/metrics.go:49.20,51.3 1 1
github.com/maynagashev/go-metrics/internal/contracts/metrics/metrics.go:54.2,54.67 1 1
github.com/maynagashev/go-metrics/internal/contracts/metrics/metrics.go:57.39,58.14 1 1
github.com/maynagashev/go-metrics/internal/contracts/metrics/metrics.go:58.14,60.3 1 1
github.com/maynagashev/go-metrics/internal/contracts/metrics/metrics.go:61.2,61.17 1 1
github.com/maynagashev/go-metrics/internal/contracts/metrics/metrics.go:62.19,63.41 1 1
github.com/maynagashev/go-metrics/internal/contracts/metrics/metrics.go:64.17,65.52 1 1
github.com/maynagashev/go-metrics/internal/contracts/metrics/metrics.go:67.2,67.11 1 1
github.com/maynagashev/go-metrics/internal/contracts/metrics/metrics.go:70.34,72.16 2 1
github.com/maynagashev/go-metrics/internal/contracts/metrics/metrics.go:72.16,74.3 1 0
github.com/maynagashev/go-metrics/internal/contracts/metrics/metrics.go:75.2,75.16 1 1
github.com/maynagashev/go-metrics/cmd/staticlint/staticlint.go:77.49,80.16 3 1
github.com/maynagashev/go-metrics/cmd/staticlint/staticlint.go:80.16,83.3 2 1
github.com/maynagashev/go-metrics/cmd/staticlint/staticlint.go:86.2,86.50 1 1
github.com/maynagashev/go-metrics/cmd/staticlint/staticlint.go:86.50,89.3 2 1
github.com/maynagashev/go-metrics/cmd/staticlint/staticlint.go:91.2,91.18 1 1
github.com/maynagashev/go-metrics/cmd/staticlint/staticlint.go:111.24,116.35 3 1
github.com/maynagashev/go-metrics/cmd/staticlint/staticlint.go:116.35,119.3 2 1
github.com/maynagashev/go-metrics/cmd/staticlint/staticlint.go:119.8,119.41 1 0
github.com/maynagashev/go-metrics/cmd/staticlint/staticlint.go:119.41,122.3 2 0
github.com/maynagashev/go-metrics/cmd/staticlint/staticlint.go:125.2,125.11 1 1
github.com/maynagashev/go-metrics/cmd/staticlint/staticlint.go:125.11,128.35 2 1
github.com/maynagashev/go-metrics/cmd/staticlint/staticlint.go:128.35,130.4 1 1
github.com/maynagashev/go-metrics/cmd/staticlint/staticlint.go:133.3,133.38 1 1
github.com/maynagashev/go-metrics/cmd/staticlint/staticlint.go:133.38,134.29 1 0
github.com/maynagashev/go-metrics/cmd/staticlint/staticlint.go:134.29,136.5 1 0
github.com/maynagashev/go-metrics/cmd/staticlint/staticlint.go:138.3,142.4 1 1
github.com/maynagashev/go-metrics/cmd/staticlint/staticlint.go:143.8,147.3 2 1
github.com/maynagashev/go-metrics/cmd/staticlint/staticlint.go:149.2,149.17 1 1
github.com/maynagashev/go-metrics/cmd/staticlint/staticlint.go:154.56,156.42 2 1
github.com/maynagashev/go-metrics/cmd/staticlint/staticlint.go:156.42,158.3 1 1
github.com/maynagashev/go-metrics/cmd/staticlint/staticlint.go:159.2,159.15 1 1
github.com/maynagashev/go-metrics/cmd/staticlint/staticlint.go:164.55,166.41 2 1
github.com/maynagashev/go-metrics/cmd/staticlint/staticlint.go:166.41,168.3 1 1
github.com/maynagashev/go-metrics/cmd/staticlint/staticlint.go:169.2,169.15 1 1
github.com/maynagashev/go-metrics/cmd/staticlint/staticlint.go:174.57,176.37 2 0
github.com/maynagashev/go-metrics/cmd/staticlint/staticlint.go:176.37,179.75 2 0
github.com/maynagashev/go-metrics/cmd/staticlint/staticlint.go:179.75,181.4 1 0
github.com/maynagashev/go-metrics/cmd/staticlint/staticlint.go:182.3,182.62 1 0
github.com/maynagashev/go-metrics/cmd/staticlint/staticlint.go:187.13,227.2 10 0
github.com/maynagashev/go-metrics/example/setup.go:22.30,31.16 4 1
github.com/maynagashev/go-metrics/example/setup.go:31.16,33.3 1 0
github.com/maynagashev/go-metrics/example/setup.go:35.2,42.16 3 1
github.com/maynagashev/go-metrics/example/setup.go:42.16,44.3 1 0
github.com/maynagashev/go-metrics/example/setup.go:46.2,47.16 2 1
github.com/maynagashev/go-metrics/example/setup.go:47.16,49.3 1 0
github.com/maynagashev/go-metrics/example/setup.go:50.2,54.12 3 1
github.com/maynagashev/go-metrics/internal/server/handlers/json/updates/json_updates.go:21.94,22.54 1 1
github.com/maynagashev/go-metrics/internal/server/handlers/json/updates/json_updates.go:22.54,28.17 4 1
github.com/maynagashev/go-metrics/internal/server/handlers/json/updates/json_updates.go:28.17,32.4 3 1
github.com/maynagashev/go-metrics/internal/server/handlers/json/updates/json_updates.go:35.3,37.17 3 1
github.com/maynagashev/go-metrics/internal/server/handlers/json/updates/json_updates.go:37.17,41.4 3 1
github.com/maynagashev/go-metrics/internal/server/handlers/json/updates/json_updates.go:44.3,45.17 2 1
github.com/maynagashev/go-metrics/internal/server/handlers/json/updates/json_updates.go:45.17,48.4 2 0
github.com/maynagashev/go-metrics/internal/server/handlers/json/updates/json_updates.go:51.3,57.49 3 1
github.com/maynagashev/go-metrics/internal/server/handlers/json/updates/json_updates.go:62.89,65.16 3 1
github.com/maynagashev/go-metrics/internal/server/handlers/json/updates/json_updates.go:65.16,67.3 1 0
github.com/maynagashev/go-metrics/internal/server/handlers/json/updates/json_updates.go:69.2,72.35 2 1
github.com/maynagashev/go-metrics/internal/server/handlers/json/updates/json_updates.go:72.35,87.18 4 1
github.com/maynagashev/go-metrics/internal/server/handlers/json/updates/json_updates.go:87.18,89.4 1 1
github.com/maynagashev/go-metrics/internal/server/handlers/json/updates/json_updates.go:92.2,92.26 1 1
github.com/maynagashev/go-metrics/internal/server/handlers/plain/index/index.go:15.50,16.54 1 1
github.com/maynagashev/go-metrics/internal/server/handlers/plain/index/index.go:16.54,22.29 4 1
github.com/maynagashev/go-metrics/internal/server/handlers/plain/index/index.go:22.29,23.24 1 1
github.com/maynagashev/go-metrics/internal/server/handlers/plain/index/index.go:24.27,26.74 2 1
github.com/maynagashev/go-metrics/internal/server/handlers/plain/index/index.go:27.29,28.85 1 1
github.com/maynagashev/go-metrics/internal/server/handlers/plain/index/index.go:29.12,30.66 1 1
github.com/maynagashev/go-metrics/internal/server/handlers/plain/index/index.go:34.3,34.32 1 1
github.com/maynagashev/go-metrics/internal/server/handlers/plain/index/index.go:34.32,36.18 2 1
github.com/maynagashev/go-metrics/internal/server/handlers/plain/index/index.go:36.18,38.5 1 0
github.com/maynagashev/go-metrics/internal/server/handlers/json/value/json_value.go:17.72,18.54 1 1
github.com/maynagashev/go-metrics/internal/server/handlers/json/value/json_value.go:18.54,23.17 4 1
github.com/maynagashev/go-metrics/internal/server/handlers/json/value/json_value.go:23.17,25.4 1 1
github.com/maynagashev/go-metrics/internal/server/handlers/json/value/json_value.go:28.3,29.10 2 1
github.com/maynagashev/go-metrics/internal/server/handlers/json/value/json_value.go:29.10,32.4 2 1
github.com/maynagashev/go-metrics/internal/server/handlers/json/value/json_value.go:35.3,36.17 2 1
github.com/maynagashev/go-metrics/internal/server/handlers/json/value/json_value.go:36.17,39.4 2 0
github.com/maynagashev/go-metrics/internal/server/handlers/json/value/json_value.go:42.3,42.36 1 1
github.com/maynagashev/go-metrics/internal/server/handlers/json/value/json_value.go:42.36,45.4 2 1
github.com/maynagashev/go-metrics/internal/server/handlers/json/value/json_value.go:47.3,48.17 2 1
github.com/maynagashev/go-metrics/internal/server/handlers/json/value/json_value.go:48.17,51.4 2 0
github.com/maynagashev/go-metrics/internal/server/handlers/json/value/json_value.go:56.70,61.16 4 1
github.com/maynagashev/go-metrics/internal/server/handlers/json/value/json_value.go:61.16,63.3 1 0
github.com/maynagashev/go-metrics/internal/server/handlers/json/value/json_value.go:65.2,66.16 2 1
github.com/maynagashev/go-metrics/internal/server/handlers/json/value/json_value.go:66.16,68.3 1 1
github.com/maynagashev/go-metrics/internal/server/handlers/json/value/json_value.go:70.2,70.15 1 1
github.com/maynagashev/go-metrics/internal/server/handlers/json/ping/ping.go:27.47,28.54 1 1
github.com/maynagashev/go-metrics/internal/server/handlers/json/ping/ping.go:28.54,35.3 3 1
github.com/maynagashev/go-metrics/internal/server/handlers/json/ping/ping.go:39.64,41.33 1 1
github.com/maynagashev/go-metrics/internal/server/handlers/json/ping/ping.go:41.33,42.55 1 1
github.com/maynagashev/go-metrics/internal/server/handlers/json/ping/ping.go:42.55,44.4 1 1
github.com/maynagashev/go-metrics/internal/server/handlers/json/ping/ping.go:48.2,50.16 2 1
github.com/maynagashev/go-metrics/internal/server/handlers/json/ping/ping.go:50.16,51.55 1 1
github.com/maynagashev/go-metrics/internal/server/handlers/json/ping/ping.go:51.55,53.4 1 1
github.com/maynagashev/go-metrics/internal/server/handlers/json/ping/ping.go:57.2,57.19 1 0
github.com/maynagashev/go-metrics/internal/server/storage/pgstorage/migration/migration.go:17.50,21.16 4 0
github.com/maynagashev/go-metrics/internal/server/storage/pgstorage/migration/migration.go:21.16,22.13 1 0
github.com/maynagashev/go-metrics/internal/server/storage/pgstorage/migration/migration.go:25.2,25.30 1 0
github.com/maynagashev/go-metrics/internal/server/storage/pgstorage/migration/migration.go:25.30,26.42 1 0
github.com/maynagashev/go-metrics/internal/server/storage/pgstorage/migration/migration.go:26.42,29.4 2 0
github.com/maynagashev/go-metrics/internal/server/storage/pgstorage/migration/migration.go:30.3,30.13 1 0
github.com/maynagashev/go-metrics/internal/server/storage/pgstorage/migration/migration.go:33.2,34.12 2 0
github.com/maynagashev/go-metrics/internal/server/handlers/json/update/json_update.go:32.86,33.54 1 1
github.com/maynagashev/go-metrics/internal/server/handlers/json/update/json_update.go:33.54,35.17 2 1
github.com/maynagashev/go-metrics/internal/server/handlers/json/update/json_update.go:35.17,39.4 3 1
github.com/maynagashev/go-metrics/internal/server/handlers/json/update/json_update.go:40.3,45.17 4 1
github.com/maynagashev/go-metrics/internal/server/handlers/json/update/json_update.go:45.17,48.4 2 0
github.com/maynagashev/go-metrics/internal/server/handlers/json/update/json_update.go:50.3,54.9 3 1
github.com/maynagashev/go-metrics/internal/server/handlers/json/update/json_update.go:54.9,56.4 1 1
github.com/maynagashev/go-metrics/internal/server/handlers/json/update/json_update.go:56.9,58.4 1 0
github.com/maynagashev/go-metrics/internal/server/handlers/json/update/json_update.go:61.3,64.29 2 1
github.com/maynagashev/go-metrics/internal/server/handlers/json/update/json_update.go:69.96,74.16 4 1
github.com/maynagashev/go-metrics/internal/server/handlers/json/update/json_update.go:74.16,76.3 1 0
github.com/maynagashev/go-metrics/internal/server/handlers/json/update/json_update.go:78.2,82.35 3 1
github.com/maynagashev/go-metrics/internal/server/handlers/json/update/json_update.go:82.35,86.18 3 1
github.com/maynagashev/go-metrics/internal/server/handlers/json/update/json_update.go:86.18,90.4 2 1
github.com/maynagashev/go-metrics/internal/server/handlers/json/update/json_update.go:93.2,94.16 2 1
github.com/maynagashev/go-metrics/internal/server/handlers/json/update/json_update.go:94.16,96.3 1 1
github.com/maynagashev/go-metrics/internal/server/handlers/json/update/json_update.go:98.2,98.15 1 1
github.com/maynagashev/go-metrics/internal/agent/agent.go:84.9,102.2 1 1
github.com/maynagashev/go-metrics/internal/agent/agent.go:105.48,107.2 1 1
github.com/maynagashev/go-metrics/internal/agent/agent.go:110.44,112.2 1 1
github.com/maynagashev/go-metrics/internal/agent/agent.go:115.42,133.29 4 1
github.com/maynagashev/go-metrics/internal/agent/agent.go:133.29,136.3 2 0
github.com/maynagashev/go-metrics/internal/agent/agent.go:139.2,147.14 6 1
github.com/maynagashev/go-metrics/internal/agent/agent.go:151.28,165.22 8 1
github.com/maynagashev/go-metrics/internal/agent/agent.go:165.22,170.17 3 1
github.com/maynagashev/go-metrics/internal/agent/agent.go:170.17,174.11 2 1
github.com/maynagashev/go-metrics/internal/agent/agent.go:175.46,176.50 1 0
github.com/maynagashev/go-metrics/internal/agent/agent.go:177.12,178.69 1 1
github.com/maynagashev/go-metrics/internal/agent/agent.go:180.9,182.4 1 0
github.com/maynagashev/go-metrics/internal/agent/agent.go:183.8,185.3 1 0
github.com/maynagashev/go-metrics/internal/agent/agent.go:188.2,194.58 5 1
github.com/maynagashev/go-metrics/internal/agent/agent.go:198.47,206.6 4 1
github.com/maynagashev/go-metrics/internal/agent/agent.go:206.6,207.10 1 1
github.com/maynagashev/go-metrics/internal/agent/agent.go:208.25,231.17 12 0
github.com/maynagashev/go-metrics/internal/agent/agent.go:232.21,234.10 2 0
github.com/maynagashev/go-metrics/internal/agent/agent.go:235.19,237.10 2 1
github.com/maynagashev/go-metrics/internal/agent/agent.go:243.49,251.6 4 1
github.com/maynagashev/go-metrics/internal/agent/agent.go:251.6,252.10 1 1
github.com/maynagashev/go-metrics/internal/agent/agent.go:253.27,260.24 5 0
github.com/maynagashev/go-metrics/internal/agent/agent.go:260.24,265.5 2 0
github.com/maynagashev/go-metrics/internal/agent/agent.go:265.10,267.5 1 0
github.com/maynagashev/go-metrics/internal/agent/agent.go:269.4,271.50 2 0
github.com/maynagashev/go-metrics/internal/agent/agent.go:272.21,274.10 2 0
github.com/maynagashev/go-metrics/internal/agent/agent.go:275.19,277.10 2 1
github.com/maynagashev/go-metrics/internal/agent/agent.go:283.48,297.9 8 1
github.com/maynagashev/go-metrics/internal/agent/agent.go:298.18,307.4 1 1
github.com/maynagashev/go-metrics/internal/agent/agent.go:308.10,312.28 1 1
github.com/maynagashev/go-metrics/internal/agent/agent.go:315.2,315.36 1 1
github.com/maynagashev/go-metrics/internal/agent/agent.go:315.36,317.3 1 1
github.com/maynagashev/go-metrics/internal/agent/agent.go:318.2,318.38 1 1
github.com/maynagashev/go-metrics/internal/agent/agent.go:318.38,320.3 1 1
github.com/maynagashev/go-metrics/internal/agent/agent.go:324.2,334.14 6 1
github.com/maynagashev/go-metrics/internal/agent/collect.go:21.32,25.2 3 1
github.com/maynagashev/go-metrics/internal/agent/collect.go:27.41,29.9 1 1
github.com/maynagashev/go-metrics/internal/agent/collect.go:30.18,32.9 2 0
github.com/maynagashev/go-metrics/internal/agent/collect.go:33.10,33.10 0 1
github.com/maynagashev/go-metrics/internal/agent/collect.go:37.2,72.38 31 1
github.com/maynagashev/go-metrics/internal/agent/collect.go:76.44,78.9 1 1
github.com/maynagashev/go-metrics/internal/agent/collect.go:79.18,81.9 2 0
github.com/maynagashev/go-metrics/internal/agent/collect.go:82.10,82.10 0 1
github.com/maynagashev/go-metrics/internal/agent/collect.go:86.2,89.16 3 1
github.com/maynagashev/go-metrics/internal/agent/collect.go:89.16,92.3 2 0
github.com/maynagashev/go-metrics/internal/agent/collect.go:93.2,102.16 5 1
github.com/maynagashev/go-metrics/internal/agent/collect.go:102.16,105.3 2 0
github.com/maynagashev/go-metrics/internal/agent/collect.go:107.2,108.28 2 1
github.com/maynagashev/go-metrics/internal/agent/collect.go:108.28,111.3 2 1
github.com/maynagashev/go-metrics/internal/agent/collect.go:113.2,113.71 1 1
github.com/maynagashev/go-metrics/internal/agent/send.go:21.74,24.39 1 1
github.com/maynagashev/go-metrics/internal/agent/send.go:24.39,26.12 1 1
github.com/maynagashev/go-metrics/internal/agent/send.go:26.12,34.4 3 0
github.com/maynagashev/go-metrics/internal/agent/send.go:36.3,38.17 2 1
github.com/maynagashev/go-metrics/internal/agent/send.go:38.17,40.4 1 0
github.com/maynagashev/go-metrics/internal/agent/send.go:43.3,52.35 2 1
github.com/maynagashev/go-metrics/internal/agent/send.go:52.35,55.4 2 1
github.com/maynagashev/go-metrics/internal/agent/send.go:58.2,58.78 1 0
github.com/maynagashev/go-metrics/internal/agent/send.go:62.54,67.29 3 1
github.com/maynagashev/go-metrics/internal/agent/send.go:67.29,70.23 2 1
github.com/maynagashev/go-metrics/internal/agent/send.go:70.23,72.4 1 1
github.com/maynagashev/go-metrics/internal/agent/send.go:76.2,77.28 2 1
github.com/maynagashev/go-metrics/internal/agent/send.go:77.28,80.3 2 1
github.com/maynagashev/go-metrics/internal/agent/send.go:83.2,83.14 1 1
github.com/maynagashev/go-metrics/internal/agent/send.go:87.90,107.16 8 1
github.com/maynagashev/go-metrics/internal/agent/send.go:107.16,109.3 1 0
github.com/maynagashev/go-metrics/internal/agent/send.go:112.2,112.33 1 1
github.com/maynagashev/go-metrics/internal/agent/send.go:112.33,115.3 2 1
github.com/maynagashev/go-metrics/internal/agent/send.go:118.2,118.29 1 1
github.com/maynagashev/go-metrics/internal/agent/send.go:118.29,121.24 3 0
github.com/maynagashev/go-metrics/internal/agent/send.go:121.24,123.4 1 0
github.com/maynagashev/go-metrics/internal/agent/send.go:124.3,125.45 2 0
github.com/maynagashev/go-metrics/internal/agent/send.go:130.2,130.26 1 1
github.com/maynagashev/go-metrics/internal/agent/send.go:130.26,133.17 3 1
github.com/maynagashev/go-metrics/internal/agent/send.go:133.17,135.4 1 0
github.com/maynagashev/go-metrics/internal/agent/send.go:138.2,141.16 3 1
github.com/maynagashev/go-metrics/internal/agent/send.go:141.16,143.3 1 0
github.com/maynagashev/go-metrics/internal/agent/send.go:146.2,146.39 1 1
github.com/maynagashev/go-metrics/internal/agent/send.go:146.39,148.3 1 1
github.com/maynagashev/go-metrics/internal/agent/send.go:150.2,150.12 1 1
github.com/maynagashev/go-metrics/internal/agent/send.go:157.43,161.2 2 1
github.com/maynagashev/go-metrics/internal/agent/send.go:164.74,166.37 1 1
github.com/maynagashev/go-metrics/internal/agent/send.go:166.37,168.3 1 1
github.com/maynagashev/go-metrics/internal/agent/send.go:169.2,169.51 1 0
github.com/maynagashev/go-metrics/internal/agent/workerpool.go:22.32,23.15 1 0
github.com/maynagashev/go-metrics/internal/agent/workerpool.go:23.15,26.3 2 0
github.com/maynagashev/go-metrics/internal/agent/workerpool.go:28.2,30.6 2 0
github.com/maynagashev/go-metrics/internal/agent/workerpool.go:30.6,31.10 1 0
github.com/maynagashev/go-metrics/internal/agent/workerpool.go:32.33,33.11 1 0
github.com/maynagashev/go-metrics/internal/agent/workerpool.go:33.11,36.5 2 0
github.com/maynagashev/go-metrics/internal/agent/workerpool.go:37.4,45.11 3 0
github.com/maynagashev/go-metrics/internal/agent/workerpool.go:46.55,46.55 0 0
github.com/maynagashev/go-metrics/internal/agent/workerpool.go:48.20,54.11 2 0
github.com/maynagashev/go-metrics/internal/agent/workerpool.go:56.19,58.10 2 0
github.com/maynagashev/go-metrics/internal/agent/workerpool.go:64.29,65.15 1 1
github.com/maynagashev/go-metrics/internal/agent/workerpool.go:65.15,68.3 2 1
github.com/maynagashev/go-metrics/internal/agent/workerpool.go:70.2,71.6 2 1
github.com/maynagashev/go-metrics/internal/agent/workerpool.go:71.6,72.10 1 1
github.com/maynagashev/go-metrics/internal/agent/workerpool.go:73.38,74.11 1 0
github.com/maynagashev/go-metrics/internal/agent/workerpool.go:74.11,77.5 2 0
github.com/maynagashev/go-metrics/internal/agent/workerpool.go:78.4,78.27 1 0
github.com/maynagashev/go-metrics/internal/agent/workerpool.go:78.27,81.5 2 0
github.com/maynagashev/go-metrics/internal/agent/workerpool.go:81.10,83.5 1 0
github.com/maynagashev/go-metrics/internal/agent/workerpool.go:84.19,86.10 2 1
github.com/maynagashev/go-metrics/cmd/agent/config_json.go:27.59,28.20 1 1
github.com/maynagashev/go-metrics/cmd/agent/config_json.go:28.20,30.3 1 1
github.com/maynagashev/go-metrics/cmd/agent/config_json.go:32.2,33.16 2 1
github.com/maynagashev/go-metrics/cmd/agent/config_json.go:33.16,35.3 1 1
github.com/maynagashev/go-metrics/cmd/agent/config_json.go:37.2,39.20 3 1
github.com/maynagashev/go-metrics/cmd/agent/config_json.go:39.20,41.3 1 1
github.com/maynagashev/go-metrics/cmd/agent/config_json.go:43.2,43.21 1 1
github.com/maynagashev/go-metrics/cmd/agent/config_json.go:48.66,49.23 1 1
github.com/maynagashev/go-metrics/cmd/agent/config_json.go:49.23,51.3 1 1
github.com/maynagashev/go-metrics/cmd/agent/config_json.go:57.2,57.77 1 1
github.com/maynagashev/go-metrics/cmd/agent/config_json.go:57.77,59.3 1 1
github.com/maynagashev/go-metrics/cmd/agent/config_json.go:62.2,62.93 1 1
github.com/maynagashev/go-metrics/cmd/agent/config_json.go:62.93,64.17 2 1
github.com/maynagashev/go-metrics/cmd/agent/config_json.go:64.17,66.4 1 1
github.com/maynagashev/go-metrics/cmd/agent/config_json.go:67.3,67.51 1 1
github.com/maynagashev/go-metrics/cmd/agent/config_json.go:71.2,71.87 1 1
github.com/maynagashev/go-metrics/cmd/agent/config_json.go:71.87,73.17 2 1
github.com/maynagashev/go-metrics/cmd/agent/config_json.go:73.17,75.4 1 0
github.com/maynagashev/go-metrics/cmd/agent/config_json.go:76.3,76.49 1 1
github.com/maynagashev/go-metrics/cmd/agent/config_json.go:80.2,80.57 1 1
github.com/maynagashev/go-metrics/cmd/agent/config_json.go:80.57,82.3 1 1
github.com/maynagashev/go-metrics/cmd/agent/config_json.go:85.2,85.69 1 1
github.com/maynagashev/go-metrics/cmd/agent/config_json.go:85.69,87.3 1 1
github.com/maynagashev/go-metrics/cmd/agent/config_json.go:90.2,90.50 1 1
github.com/maynagashev/go-metrics/cmd/agent/config_json.go:90.50,92.3 1 1
github.com/maynagashev/go-metrics/cmd/agent/config_json.go:95.2,95.71 1 1
github.com/maynagashev/go-metrics/cmd/agent/config_json.go:95.71,97.3 1 1
github.com/maynagashev/go-metrics/cmd/agent/config_json.go:99.2,99.12 1 1
github.com/maynagashev/go-metrics/cmd/agent/flags.go:37.29,56.2 7 1
github.com/maynagashev/go-metrics/cmd/agent/flags.go:59.45,97.2 10 1
github.com/maynagashev/go-metrics/cmd/agent/flags.go:100.46,103.64 1 1
github.com/maynagashev/go-metrics/cmd/agent/flags.go:103.64,105.3 1 1
github.com/maynagashev/go-metrics/cmd/agent/flags.go:106.2,106.80 1 1
github.com/maynagashev/go-metrics/cmd/agent/flags.go:106.80,108.17 2 1
github.com/maynagashev/go-metrics/cmd/agent/flags.go:108.17,109.67 1 1
github.com/maynagashev/go-metrics/cmd/agent/flags.go:111.3,111.34 1 1
github.com/maynagashev/go-metrics/cmd/agent/flags.go:113.2,113.74 1 1
github.com/maynagashev/go-metrics/cmd/agent/flags.go:113.74,115.17 2 1
github.com/maynagashev/go-metrics/cmd/agent/flags.go:115.17,116.65 1 1
github.com/maynagashev/go-metrics/cmd/agent/flags.go:118.3,118.32 1 1
github.com/maynagashev/go-metrics/cmd/agent/flags.go:120.2,120.50 1 1
github.com/maynagashev/go-metrics/cmd/agent/flags.go:120.50,122.3 1 1
github.com/maynagashev/go-metrics/cmd/agent/flags.go:123.2,123.56 1 1
github.com/maynagashev/go-metrics/cmd/agent/flags.go:123.56,125.3 1 0
github.com/maynagashev/go-metrics/cmd/agent/flags.go:126.2,126.56 1 1
github.com/maynagashev/go-metrics/cmd/agent/flags.go:126.56,128.17 2 1
github.com/maynagashev/go-metrics/cmd/agent/flags.go:128.17,129.62 1 1
github.com/maynagashev/go-metrics/cmd/agent/flags.go:131.3,131.22 1 1
github.com/maynagashev/go-metrics/cmd/agent/flags.go:135.2,135.53 1 1
github.com/maynagashev/go-metrics/cmd/agent/flags.go:135.53,137.3 1 0
github.com/maynagashev/go-metrics/cmd/agent/flags.go:141.36,144.22 2 1
github.com/maynagashev/go-metrics/cmd/agent/flags.go:144.22,146.54 1 1
github.com/maynagashev/go-metrics/cmd/agent/flags.go:146.54,148.4 1 1
github.com/maynagashev/go-metrics/cmd/agent/flags.go:149.3,149.65 1 0
github.com/maynagashev/go-metrics/cmd/agent/flags.go:153.2,154.21 2 0
github.com/maynagashev/go-metrics/cmd/agent/flags.go:154.21,155.60 1 0
github.com/maynagashev/go-metrics/cmd/agent/flags.go:160.34,161.25 1 1
github.com/maynagashev/go-metrics/cmd/agent/flags.go:161.25,162.46 1 1
github.com/maynagashev/go-metrics/cmd/agent/flags.go:166.2,166.47 1 1
github.com/maynagashev/go-metrics/cmd/agent/flags.go:166.47,168.3 1 1
github.com/maynagashev/go-metrics/cmd/agent/flags.go:169.2,169.45 1 1
github.com/maynagashev/go-metrics/cmd/agent/flags.go:169.45,171.3 1 1
github.com/maynagashev/go-metrics/cmd/agent/main.go:30.21,34.2 3 1
github.com/maynagashev/go-metrics/cmd/agent/main.go:36.13,47.27 7 1
github.com/maynagashev/go-metrics/cmd/agent/main.go:47.27,50.17 3 0
github.com/maynagashev/go-metrics/cmd/agent/main.go:50.17,53.4 2 0
github.com/maynagashev/go-metrics/cmd/agent/main.go:54.3,54.73 1 0
github.com/maynagashev/go-metrics/cmd/agent/main.go:57.2,80.12 9 1
github.com/maynagashev/go-metrics/cmd/agent/main.go:80.12,84.3 3 1
github.com/maynagashev/go-metrics/cmd/agent/main.go:87.2,87.12 1 1
github.com/maynagashev/go-metrics/cmd/agent/main.go:90.19,102.2 4 1
github.com/maynagashev/go-metrics/cmd/agent/pprof.go:15.29,16.23 1 1
github.com/maynagashev/go-metrics/cmd/agent/pprof.go:16.23,19.3 2 1
github.com/maynagashev/go-metrics/cmd/agent/pprof.go:22.35,23.21 1 1
github.com/maynagashev/go-metrics/cmd/agent/pprof.go:23.21,24.13 1 1
github.com/maynagashev/go-metrics/cmd/agent/pprof.go:24.13,33.78 2 1
github.com/maynagashev/go-metrics/cmd/agent/pprof.go:33.78,35.5 1 1
github.com/maynagashev/go-metrics/internal/server/handlers/plain/update/plain_update.go:18.67,19.54 1 1
github.com/maynagashev/go-metrics/internal/server/handlers/plain/update/plain_update.go:19.54,27.37 4 1
github.com/maynagashev/go-metrics/internal/server/handlers/plain/update/plain_update.go:27.37,30.4 2 1
github.com/maynagashev/go-metrics/internal/server/handlers/plain/update/plain_update.go:32.3,37.21 5 1
github.com/maynagashev/go-metrics/internal/server/handlers/plain/update/plain_update.go:38.28,40.18 2 1
github.com/maynagashev/go-metrics/internal/server/handlers/plain/update/plain_update.go:40.18,47.5 2 0
github.com/maynagashev/go-metrics/internal/server/handlers/plain/update/plain_update.go:48.4,48.48 1 1
github.com/maynagashev/go-metrics/internal/server/handlers/plain/update/plain_update.go:49.26,51.18 2 1
github.com/maynagashev/go-metrics/internal/server/handlers/plain/update/plain_update.go:51.18,58.5 2 0
github.com/maynagashev/go-metrics/internal/server/handlers/plain/update/plain_update.go:59.4,59.48 1 1
github.com/maynagashev/go-metrics/internal/server/handlers/plain/update/plain_update.go:60.11,62.10 2 1
github.com/maynagashev/go-metrics/internal/server/handlers/plain/update/plain_update.go:66.3,67.17 2 1
github.com/maynagashev/go-metrics/internal/server/handlers/plain/update/plain_update.go:67.17,69.4 1 0
github.com/maynagashev/go-metrics/internal/server/handlers/plain/update/plain_update.go:71.3,74.9 3 1
github.com/maynagashev/go-metrics/internal/server/handlers/plain/update/plain_update.go:74.9,77.4 1 1
github.com/maynagashev/go-metrics/internal/server/handlers/plain/update/plain_update.go:77.9,79.4 1 0
github.com/maynagashev/go-metrics/internal/server/handlers/plain/update/plain_update.go:82.3,89.17 4 1
github.com/maynagashev/go-metrics/internal/server/handlers/plain/update/plain_update.go:89.17,92.4 2 0
github.com/maynagashev/go-metrics/internal/server/handlers/plain/value/plain_value.go:15.55,16.54 1 1
github.com/maynagashev/go-metrics/internal/server/handlers/plain/value/plain_value.go:16.54,23.10 5 1
github.com/maynagashev/go-metrics/internal/server/handlers/plain/value/plain_value.go:23.10,30.4 2 1
github.com/maynagashev/go-metrics/internal/server/handlers/plain/value/plain_value.go:32.3,33.17 2 1
github.com/maynagashev/go-metrics/internal/server/handlers/plain/value/plain_value.go:33.17,35.4 1 0
github.com/maynagashev/go-metrics/internal/server/middleware/decompress/decompress.go:12.64,14.46 1 1
github.com/maynagashev/go-metrics/internal/server/middleware/decompress/decompress.go:14.46,18.54 2 1
github.com/maynagashev/go-metrics/internal/server/middleware/decompress/decompress.go:18.54,20.50 1 1
github.com/maynagashev/go-metrics/internal/server/middleware/decompress/decompress.go:20.50,24.19 3 1
github.com/maynagashev/go-metrics/internal/server/middleware/decompress/decompress.go:24.19,32.6 3 1
github.com/maynagashev/go-metrics/internal/server/middleware/decompress/decompress.go:34.5,34.18 1 1
github.com/maynagashev/go-metrics/internal/server/middleware/decompress/decompress.go:34.18,36.20 2 1
github.com/maynagashev/go-metrics/internal/server/middleware/decompress/decompress.go:36.20,44.7 3 0
github.com/maynagashev/go-metrics/internal/server/middleware/decompress/decompress.go:48.5,48.16 1 1
github.com/maynagashev/go-metrics/internal/server/middleware/decompress/decompress.go:50.4,50.24 1 1
github.com/maynagashev/go-metrics/internal/server/middleware/decompress/decompress.go:52.3,52.30 1 1
github.com/maynagashev/go-metrics/internal/server/middleware/logger/logger.go:15.64,16.46 1 1
github.com/maynagashev/go-metrics/internal/server/middleware/logger/logger.go:16.46,19.54 2 1
github.com/maynagashev/go-metrics/internal/server/middleware/logger/logger.go:19.54,38.17 6 1
github.com/maynagashev/go-metrics/internal/server/middleware/logger/logger.go:38.17,46.5 1 1
github.com/maynagashev/go-metrics/internal/server/middleware/logger/logger.go:48.4,48.25 1 1
github.com/maynagashev/go-metrics/internal/server/middleware/logger/logger.go:52.3,52.30 1 1
github.com/maynagashev/go-metrics/internal/server/middleware/logger/logger.go:56.63,58.16 2 1
github.com/maynagashev/go-metrics/internal/server/middleware/logger/logger.go:58.16,61.3 2 0
github.com/maynagashev/go-metrics/internal/server/middleware/logger/logger.go:62.2,62.15 1 1
github.com/maynagashev/go-metrics/internal/server/middleware/logger/logger.go:62.15,63.50 1 1
github.com/maynagashev/go-metrics/internal/server/middleware/logger/logger.go:63.50,65.4 1 0
github.com/maynagashev/go-metrics/internal/server/middleware/logger/logger.go:69.2,70.16 2 1
github.com/maynagashev/go-metrics/internal/server/middleware/decompresspool/decompresspool.go:22.64,26.28 1 1
github.com/maynagashev/go-metrics/internal/server/middleware/decompresspool/decompresspool.go:26.28,28.5 1 1
github.com/maynagashev/go-metrics/internal/server/middleware/decompresspool/decompresspool.go:31.28,33.5 1 1
github.com/maynagashev/go-metrics/internal/server/middleware/decompresspool/decompresspool.go:37.2,37.18 1 1
github.com/maynagashev/go-metrics/internal/server/middleware/decompresspool/decompresspool.go:41.62,44.71 2 1
github.com/maynagashev/go-metrics/internal/server/middleware/decompresspool/decompresspool.go:44.71,45.49 1 1
github.com/maynagashev/go-metrics/internal/server/middleware/decompresspool/decompresspool.go:45.49,48.4 2 1
github.com/maynagashev/go-metrics/internal/server/middleware/decompresspool/decompresspool.go:50.3,54.10 3 1
github.com/maynagashev/go-metrics/internal/server/middleware/decompresspool/decompresspool.go:54.10,58.4 3 0
github.com/maynagashev/go-metrics/internal/server/middleware/decompresspool/decompresspool.go:61.3,61.46 1 1
github.com/maynagashev/go-metrics/internal/server/middleware/decompresspool/decompresspool.go:61.46,66.4 4 1
github.com/maynagashev/go-metrics/internal/server/middleware/decompresspool/decompresspool.go:69.3,70.10 2 1
github.com/maynagashev/go-metrics/internal/server/middleware/decompresspool/decompresspool.go:70.10,75.4 4 0
github.com/maynagashev/go-metrics/internal/server/middleware/decompresspool/decompresspool.go:78.3,86.23 6 1
github.com/maynagashev/go-metrics/internal/server/middleware/decompresspool/decompresspool.go:98.41,100.42 1 0
github.com/maynagashev/go-metrics/internal/server/middleware/decompresspool/decompresspool.go:100.42,103.3 2 0
github.com/maynagashev/go-metrics/internal/server/middleware/decompresspool/decompresspool.go:106.2,106.48 1 0
github.com/maynagashev/go-metrics/internal/server/middleware/decompresspool/decompresspool.go:106.48,109.3 2 0
github.com/maynagashev/go-metrics/internal/server/middleware/decompresspool/decompresspool.go:112.2,123.12 7 0
github.com/maynagashev/go-metrics/internal/server/app/app.go:31.31,35.2 1 1
github.com/maynagashev/go-metrics/internal/server/app/app.go:40.63,56.12 4 0
github.com/maynagashev/go-metrics/internal/server/app/app.go:56.12,59.3 2 0
github.com/maynagashev/go-metrics/internal/server/app/app.go:62.2,66.9 3 0
github.com/maynagashev/go-metrics/internal/server/app/app.go:67.29,68.44 1 0
github.com/maynagashev/go-metrics/internal/server/app/app.go:69.25,77.50 4 0
github.com/maynagashev/go-metrics/internal/server/app/app.go:77.50,79.55 2 0
github.com/maynagashev/go-metrics/internal/server/app/app.go:79.55,81.5 1 0
github.com/maynagashev/go-metrics/internal/server/app/app.go:82.9,84.4 1 0
github.com/maynagashev/go-metrics/internal/server/app/app.go:87.3,87.10 1 0
github.com/maynagashev/go-metrics/internal/server/app/app.go:88.21,89.42 1 0
github.com/maynagashev/go-metrics/internal/server/app/app.go:90.40,91.48 1 0
github.com/maynagashev/go-metrics/internal/server/app/app.go:97.41,99.2 1 1
github.com/maynagashev/go-metrics/internal/server/app/config.go:41.38,57.27 2 1
github.com/maynagashev/go-metrics/internal/server/app/config.go:57.27,60.17 3 0
github.com/maynagashev/go-metrics/internal/server/app/config.go:60.17,63.4 2 0
github.com/maynagashev/go-metrics/internal/server/app/config.go:64.3,64.74 1 0
github.com/maynagashev/go-metrics/internal/server/app/config.go:67.2,67.12 1 1
github.com/maynagashev/go-metrics/internal/server/app/config.go:71.42,73.2 1 1
github.com/maynagashev/go-metrics/internal/server/app/config.go:76.44,78.2 1 1
github.com/maynagashev/go-metrics/internal/server/app/config.go:81.42,83.2 1 1
github.com/maynagashev/go-metrics/internal/server/app/config.go:86.39,88.2 1 1
github.com/maynagashev/go-metrics/internal/server/app/config.go:91.43,93.2 1 1
github.com/maynagashev/go-metrics/internal/server/app/config.go:96.45,98.2 1 1
github.com/maynagashev/go-metrics/internal/server/app/config.go:101.51,103.2 1 1
github.com/maynagashev/go-metrics/internal/server/app/config.go:106.47,108.2 1 1
github.com/maynagashev/go-metrics/internal/server/app/config_json.go:21.33,23.2 1 1
github.com/maynagashev/go-metrics/internal/server/app/config_json.go:26.33,28.2 1 1
github.com/maynagashev/go-metrics/internal/server/app/config_json.go:31.38,33.2 1 1
github.com/maynagashev/go-metrics/internal/server/app/config_json.go:48.59,49.20 1 1
github.com/maynagashev/go-metrics/internal/server/app/config_json.go:49.20,51.3 1 1
github.com/maynagashev/go-metrics/internal/server/app/config_json.go:53.2,54.16 2 1
github.com/maynagashev/go-metrics/internal/server/app/config_json.go:54.16,56.3 1 1
github.com/maynagashev/go-metrics/internal/server/app/config_json.go:58.2,60.20 3 1
github.com/maynagashev/go-metrics/internal/server/app/config_json.go:60.20,62.3 1 1
github.com/maynagashev/go-metrics/internal/server/app/config_json.go:64.2,64.21 1 1
github.com/maynagashev/go-metrics/internal/server/app/config_json.go:69.66,70.23 1 1
github.com/maynagashev/go-metrics/internal/server/app/config_json.go:70.23,72.3 1 1
github.com/maynagashev/go-metrics/internal/server/app/config_json.go:78.2,78.72 1 1
github.com/maynagashev/go-metrics/internal/server/app/config_json.go:78.72,80.3 1 1
github.com/maynagashev/go-metrics/internal/server/app/config_json.go:83.2,83.90 1 1
github.com/maynagashev/go-metrics/internal/server/app/config_json.go:83.90,85.25 2 1
github.com/maynagashev/go-metrics/internal/server/app/config_json.go:85.25,87.4 1 1
github.com/maynagashev/go-metrics/internal/server/app/config_json.go:88.3,88.55 1 1
github.com/maynagashev/go-metrics/internal/server/app/config_json.go:92.2,92.90 1 1
github.com/maynagashev/go-metrics/internal/server/app/config_json.go:92.90,94.3 1 1
github.com/maynagashev/go-metrics/internal/server/app/config_json.go:97.2,97.49 1 1
github.com/maynagashev/go-metrics/internal/server/app/config_json.go:97.49,99.3 1 1
github.com/maynagashev/go-metrics/internal/server/app/config_json.go:102.2,102.62 1 1
github.com/maynagashev/go-metrics/internal/server/app/config_json.go:102.62,104.3 1 1
github.com/maynagashev/go-metrics/internal/server/app/config_json.go:107.2,107.57 1 1
github.com/maynagashev/go-metrics/internal/server/app/config_json.go:107.57,109.3 1 1
github.com/maynagashev/go-metrics/internal/server/app/config_json.go:112.2,112.57 1 1
github.com/maynagashev/go-metrics/internal/server/app/config_json.go:112.57,114.3 1 1
github.com/maynagashev/go-metrics/internal/server/app/config_json.go:116.2,116.12 1 1
github.com/maynagashev/go-metrics/internal/server/app/flags.go:40.35,50.58 4 1
github.com/maynagashev/go-metrics/internal/server/app/flags.go:50.58,52.3 1 0
github.com/maynagashev/go-metrics/internal/server/app/flags.go:55.2,55.55 1 1
github.com/maynagashev/go-metrics/internal/server/app/flags.go:55.55,57.3 1 0
github.com/maynagashev/go-metrics/internal/server/app/flags.go:59.2,59.20 1 1
github.com/maynagashev/go-metrics/internal/server/app/flags.go:63.45,120.2 11 1
github.com/maynagashev/go-metrics/internal/server/app/flags.go:123.52,127.58 1 1
github.com/maynagashev/go-metrics/internal/server/app/flags.go:127.58,129.3 1 0
github.com/maynagashev/go-metrics/internal/server/app/flags.go:130.2,130.77 1 1
github.com/maynagashev/go-metrics/internal/server/app/flags.go:130.77,132.17 2 0
github.com/maynagashev/go-metrics/internal/server/app/flags.go:132.17,134.4 1 0
github.com/maynagashev/go-metrics/internal/server/app/flags.go:135.3,135.45 1 0
github.com/maynagashev/go-metrics/internal/server/app/flags.go:139.2,139.69 1 1
github.com/maynagashev/go-metrics/internal/server/app/flags.go:139.69,141.3 1 0
github.com/maynagashev/go-metrics/internal/server/app/flags.go:143.2,143.51 1 1
github.com/maynagashev/go-metrics/internal/server/app/flags.go:143.51,145.17 2 0
github.com/maynagashev/go-metrics/internal/server/app/flags.go:145.17,147.4 1 0
github.com/maynagashev/go-metrics/internal/server/app/flags.go:148.3,148.33 1 0
github.com/maynagashev/go-metrics/internal/server/app/flags.go:152.2,152.60 1 1
github.com/maynagashev/go-metrics/internal/server/app/flags.go:152.60,154.3 1 0
github.com/maynagashev/go-metrics/internal/server/app/flags.go:157.2,157.50 1 1
github.com/maynagashev/go-metrics/internal/server/app/flags.go:157.50,159.3 1 0
github.com/maynagashev/go-metrics/internal/server/app/flags.go:162.2,162.56 1 1
github.com/maynagashev/go-metrics/internal/server/app/flags.go:162.56,164.3 1 0
github.com/maynagashev/go-metrics/internal/server/app/flags.go:167.2,167.53 1 1
github.com/maynagashev/go-metrics/internal/server/app/flags.go:167.53,169.3 1 0
github.com/maynagashev/go-metrics/internal/server/app/flags.go:171.2,171.12 1 1
github.com/maynagashev/go-metrics/internal/server/app/flags.go:175.49,178.20 2 1
github.com/maynagashev/go-metrics/internal/server/app/flags.go:178.20,180.52 1 1
github.com/maynagashev/go-metrics/internal/server/app/flags.go:180.52,182.4 1 1
github.com/maynagashev/go-metrics/internal/server/app/flags.go:183.3,183.17 1 0
github.com/maynagashev/go-metrics/internal/server/app/flags.go:187.2,187.43 1 0
github.com/maynagashev/go-metrics/cmd/keygen/main.go:31.13,40.16 4 1
github.com/maynagashev/go-metrics/cmd/keygen/main.go:40.16,44.3 3 0
github.com/maynagashev/go-metrics/cmd/keygen/main.go:47.2,48.19 2 1
github.com/maynagashev/go-metrics/cmd/keygen/main.go:48.19,52.3 3 0
github.com/maynagashev/go-metrics/cmd/keygen/main.go:54.2,58.161 2 1
github.com/maynagashev/go-metrics/cmd/keygen/main.go:62.21,67.2 1 1
github.com/maynagashev/go-metrics/cmd/keygen/main.go:70.60,71.17 1 1
github.com/maynagashev/go-metrics/cmd/keygen/main.go:71.17,73.3 1 1
github.com/maynagashev/go-metrics/cmd/keygen/main.go:74.2,74.14 1 1
github.com/maynagashev/go-metrics/cmd/keygen/main.go:78.48,93.33 6 1
github.com/maynagashev/go-metrics/cmd/keygen/main.go:93.33,98.3 1 1
github.com/maynagashev/go-metrics/cmd/keygen/main.go:100.2,100.64 1 1
github.com/maynagashev/go-metrics/cmd/keygen/main.go:104.76,107.2 2 1
github.com/maynagashev/go-metrics/cmd/keygen/main.go:110.19,122.2 4 1
github.com/maynagashev/go-metrics/pkg/response/response.go:22.44,28.2 2 1
github.com/maynagashev/go-metrics/pkg/response/response.go:30.62,36.2 2 1
github.com/maynagashev/go-metrics/pkg/response/response.go:39.74,45.16 4 1
github.com/maynagashev/go-metrics/pkg/response/response.go:45.16,48.3 2 0
github.com/maynagashev/go-metrics/pkg/response/response.go:51.2,52.16 2 1
github.com/maynagashev/go-metrics/pkg/response/response.go:52.16,55.3 2 1
github.com/maynagashev/go-metrics/internal/server/storage/storage.go:17.32,19.2 1 1
github.com/maynagashev/go-metrics/internal/server/storage/storage.go:20.34,22.2 1 1
github.com/maynagashev/go-metrics/pkg/middleware/gzip/compress.go:13.44,18.16 3 1
github.com/maynagashev/go-metrics/pkg/middleware/gzip/compress.go:18.16,20.3 1 0
github.com/maynagashev/go-metrics/pkg/middleware/gzip/compress.go:23.2,24.16 2 1
github.com/maynagashev/go-metrics/pkg/middleware/gzip/compress.go:24.16,26.3 1 0
github.com/maynagashev/go-metrics/pkg/middleware/gzip/compress.go:31.2,32.16 2 1
github.com/maynagashev/go-metrics/pkg/middleware/gzip/compress.go:32.16,34.3 1 0
github.com/maynagashev/go-metrics/pkg/middleware/gzip/compress.go:36.2,36.23 1 1
github.com/maynagashev/go-metrics/pkg/sign/sign.go:16.56,18.41 2 1
github.com/maynagashev/go-metrics/pkg/sign/sign.go:18.41,22.3 1 0
github.com/maynagashev/go-metrics/pkg/sign/sign.go:23.2,23.39 1 1
github.com/maynagashev/go-metrics/pkg/sign/sign.go:27.84,31.23 1 1
github.com/maynagashev/go-metrics/pkg/sign/sign.go:31.23,33.3 1 1
github.com/maynagashev/go-metrics/pkg/sign/sign.go:35.2,37.51 2 1
github.com/maynagashev/go-metrics/pkg/sign/sign.go:37.51,39.3 1 1
github.com/maynagashev/go-metrics/pkg/sign/sign.go:41.2,41.17 1 1
github.com/maynagashev/go-metrics/pkg/middleware/crypto/crypto.go:30.37,32.2 1 0
github.com/maynagashev/go-metrics/pkg/middleware/crypto/crypto.go:35.79,43.2 2 1
github.com/maynagashev/go-metrics/pkg/middleware/crypto/crypto.go:46.62,47.71 1 1
github.com/maynagashev/go-metrics/pkg/middleware/crypto/crypto.go:47.71,49.20 1 1
github.com/maynagashev/go-metrics/pkg/middleware/crypto/crypto.go:49.20,52.4 2 0
github.com/maynagashev/go-metrics/pkg/middleware/crypto/crypto.go:55.3,56.17 2 1
github.com/maynagashev/go-metrics/pkg/middleware/crypto/crypto.go:56.17,60.4 3 0
github.com/maynagashev/go-metrics/pkg/middleware/crypto/crypto.go:61.3,65.10 3 1
github.com/maynagashev/go-metrics/pkg/middleware/crypto/crypto.go:65.10,67.4 1 1
github.com/maynagashev/go-metrics/pkg/middleware/crypto/crypto.go:70.3,78.41 5 1
github.com/maynagashev/go-metrics/pkg/middleware/crypto/crypto.go:78.41,83.4 1 1
github.com/maynagashev/go-metrics/pkg/middleware/crypto/crypto.go:85.3,85.23 1 1
github.com/maynagashev/go-metrics/pkg/middleware/crypto/crypto.go:94.18,97.9 2 1
github.com/maynagashev/go-metrics/pkg/middleware/crypto/crypto.go:97.9,99.3 1 0
github.com/maynagashev/go-metrics/pkg/middleware/crypto/crypto.go:102.2,102.72 1 1
github.com/maynagashev/go-metrics/pkg/middleware/crypto/crypto.go:102.72,104.3 1 1
github.com/maynagashev/go-metrics/pkg/middleware/crypto/crypto.go:106.2,106.28 1 1
github.com/maynagashev/go-metrics/pkg/middleware/crypto/crypto.go:114.18,115.49 1 1
github.com/maynagashev/go-metrics/pkg/middleware/crypto/crypto.go:115.49,117.3 1 1
github.com/maynagashev/go-metrics/pkg/middleware/crypto/crypto.go:119.2,119.37 1 0
github.com/maynagashev/go-metrics/pkg/middleware/crypto/crypto.go:119.37,123.3 3 0
github.com/maynagashev/go-metrics/pkg/middleware/crypto/crypto.go:125.2,127.16 3 0
github.com/maynagashev/go-metrics/pkg/middleware/crypto/crypto.go:127.16,131.3 3 0
github.com/maynagashev/go-metrics/pkg/middleware/crypto/crypto.go:133.2,133.24 1 0
github.com/maynagashev/go-metrics/pkg/middleware/crypto/crypto.go:141.8,142.41 1 1
github.com/maynagashev/go-metrics/pkg/middleware/crypto/crypto.go:142.41,144.3 1 0
github.com/maynagashev/go-metrics/pkg/middleware/crypto/crypto.go:146.2,147.27 2 1
github.com/maynagashev/go-metrics/pkg/middleware/crypto/crypto.go:147.27,149.3 1 1
github.com/maynagashev/go-metrics/pkg/middleware/crypto/crypto.go:151.2,158.17 3 1
github.com/maynagashev/go-metrics/pkg/middleware/crypto/crypto.go:158.17,162.3 3 1
github.com/maynagashev/go-metrics/pkg/middleware/crypto/crypto.go:164.2,164.13 1 1
github.com/maynagashev/go-metrics/pkg/middleware/crypto/crypto.go:174.61,183.2 3 1
github.com/maynagashev/go-metrics/internal/server/storage/pgstorage/migration/migration.go:17.50,21.16 4 0
github.com/maynagashev/go-metrics/internal/server/storage/pgstorage/migration/migration.go:21.16,22.13 1 0
github.com/maynagashev/go-metrics/internal/server/storage/pgstorage/migration/migration.go:25.2,25.30 1 0
github.com/maynagashev/go-metrics/internal/server/storage/pgstorage/migration/migration.go:25.30,26.42 1 0
github.com/maynagashev/go-metrics/internal/server/storage/pgstorage/migration/migration.go:26.42,29.4 2 0
github.com/maynagashev/go-metrics/internal/server/storage/pgstorage/migration/migration.go:30.3,30.13 1 0
github.com/maynagashev/go-metrics/internal/server/storage/pgstorage/migration/migration.go:33.2,34.12 2 0
github.com/maynagashev/go-metrics/mocks/Repository.go:19.37,22.19 2 1
github.com/maynagashev/go-metrics/mocks/Repository.go:22.19,23.47 1 0
github.com/maynagashev/go-metrics/mocks/Repository.go:26.2,27.45 2 1
github.com/maynagashev/go-metrics/mocks/Repository.go:27.45,29.3 1 0
github.com/maynagashev/go-metrics/mocks/Repository.go:29.8,31.3 1 1
github.com/maynagashev/go-metrics/mocks/Repository.go:33.2,33.11 1 1
github.com/maynagashev/go-metrics/mocks/Repository.go:37.35,40.19 2 1
github.com/maynagashev/go-metrics/mocks/Repository.go:40.19,41.47 1 0
github.com/maynagashev/go-metrics/mocks/Repository.go:44.2,45.43 2 1
github.com/maynagashev/go-metrics/mocks/Repository.go:45.43,47.3 1 0
github.com/maynagashev/go-metrics/mocks/Repository.go:47.8,49.3 1 1
github.com/maynagashev/go-metrics/mocks/Repository.go:51.2,51.11 1 1
github.com/maynagashev/go-metrics/mocks/Repository.go:55.71,58.19 2 1
github.com/maynagashev/go-metrics/mocks/Repository.go:58.19,59.52 1 0
github.com/maynagashev/go-metrics/mocks/Repository.go:62.2,64.69 3 1
github.com/maynagashev/go-metrics/mocks/Repository.go:64.69,66.3 1 0
github.com/maynagashev/go-metrics/mocks/Repository.go:67.2,67.61 1 1
github.com/maynagashev/go-metrics/mocks/Repository.go:67.61,69.3 1 0
github.com/maynagashev/go-metrics/mocks/Repository.go:69.8,71.3 1 1
github.com/maynagashev/go-metrics/mocks/Repository.go:73.2,73.50 1 1
github.com/maynagashev/go-metrics/mocks/Repository.go:73.50,75.3 1 0
github.com/maynagashev/go-metrics/mocks/Repository.go:75.8,77.3 1 1
github.com/maynagashev/go-metrics/mocks/Repository.go:79.2,79.15 1 1
github.com/maynagashev/go-metrics/mocks/Repository.go:83.67,86.19 2 1
github.com/maynagashev/go-metrics/mocks/Repository.go:86.19,87.50 1 0
github.com/maynagashev/go-metrics/mocks/Repository.go:90.2,92.67 3 1
github.com/maynagashev/go-metrics/mocks/Repository.go:92.67,94.3 1 0
github.com/maynagashev/go-metrics/mocks/Repository.go:95.2,95.59 1 1
github.com/maynagashev/go-metrics/mocks/Repository.go:95.59,97.3 1 0
github.com/maynagashev/go-metrics/mocks/Repository.go:97.8,99.3 1 1
github.com/maynagashev/go-metrics/mocks/Repository.go:101.2,101.50 1 1
github.com/maynagashev/go-metrics/mocks/Repository.go:101.50,103.3 1 0
github.com/maynagashev/go-metrics/mocks/Repository.go:103.8,105.3 1 1
github.com/maynagashev/go-metrics/mocks/Repository.go:107.2,107.15 1 1
github.com/maynagashev/go-metrics/mocks/Repository.go:111.95,114.19 2 1
github.com/maynagashev/go-metrics/mocks/Repository.go:114.19,115.51 1 0
github.com/maynagashev/go-metrics/mocks/Repository.go:118.2,120.88 3 1
github.com/maynagashev/go-metrics/mocks/Repository.go:120.88,122.3 1 0
github.com/maynagashev/go-metrics/mocks/Repository.go:123.2,123.80 1 1
github.com/maynagashev/go-metrics/mocks/Repository.go:123.80,125.3 1 0
github.com/maynagashev/go-metrics/mocks/Repository.go:125.8,127.3 1 1
github.com/maynagashev/go-metrics/mocks/Repository.go:129.2,129.70 1 1
github.com/maynagashev/go-metrics/mocks/Repository.go:129.70,131.3 1 0
github.com/maynagashev/go-metrics/mocks/Repository.go:131.8,133.3 1 1
github.com/maynagashev/go-metrics/mocks/Repository.go:135.2,135.15 1 1
github.com/maynagashev/go-metrics/mocks/Repository.go:139.53,142.19 2 1
github.com/maynagashev/go-metrics/mocks/Repository.go:142.19,143.52 1 0
github.com/maynagashev/go-metrics/mocks/Repository.go:146.2,147.56 2 1
github.com/maynagashev/go-metrics/mocks/Repository.go:147.56,149.3 1 0
github.com/maynagashev/go-metrics/mocks/Repository.go:149.8,150.24 1 1
github.com/maynagashev/go-metrics/mocks/Repository.go:150.24,152.4 1 1
github.com/maynagashev/go-metrics/mocks/Repository.go:155.2,155.11 1 1
github.com/maynagashev/go-metrics/mocks/Repository.go:159.65,162.19 2 1
github.com/maynagashev/go-metrics/mocks/Repository.go:162.19,163.54 1 0
github.com/maynagashev/go-metrics/mocks/Repository.go:166.2,167.59 2 1
github.com/maynagashev/go-metrics/mocks/Repository.go:167.59,169.3 1 0
github.com/maynagashev/go-metrics/mocks/Repository.go:169.8,171.3 1 1
github.com/maynagashev/go-metrics/mocks/Repository.go:173.2,173.11 1 1
github.com/maynagashev/go-metrics/mocks/Repository.go:177.65,180.19 2 1
github.com/maynagashev/go-metrics/mocks/Repository.go:180.19,181.55 1 0
github.com/maynagashev/go-metrics/mocks/Repository.go:184.2,185.61 2 1
github.com/maynagashev/go-metrics/mocks/Repository.go:185.61,187.3 1 0
github.com/maynagashev/go-metrics/mocks/Repository.go:187.8,189.3 1 1
github.com/maynagashev/go-metrics/mocks/Repository.go:191.2,191.11 1 1
github.com/maynagashev/go-metrics/mocks/Repository.go:199.16,203.19 3 1
github.com/maynagashev/go-metrics/mocks/Repository.go:203.19,203.49 1 1
github.com/maynagashev/go-metrics/mocks/Repository.go:205.2,205.13 1 1
github.com/maynagashev/go-metrics/mocks/Storage.go:18.69,21.19 2 1
github.com/maynagashev/go-metrics/mocks/Storage.go:21.19,22.52 1 0
github.com/maynagashev/go-metrics/mocks/Storage.go:25.2,26.71 2 1
github.com/maynagashev/go-metrics/mocks/Storage.go:26.71,28.3 1 0
github.com/maynagashev/go-metrics/mocks/Storage.go:28.8,29.24 1 1
github.com/maynagashev/go-metrics/mocks/Storage.go:29.24,31.4 1 1
github.com/maynagashev/go-metrics/mocks/Storage.go:34.2,34.11 1 1
github.com/maynagashev/go-metrics/mocks/Storage.go:42.13,46.19 3 1
github.com/maynagashev/go-metrics/mocks/Storage.go:46.19,46.49 1 1
github.com/maynagashev/go-metrics/mocks/Storage.go:48.2,48.13 1 1
github.com/maynagashev/go-metrics/internal/server/storage/pgstorage/pgstorage.go:44.88,48.16 3 0
github.com/maynagashev/go-metrics/internal/server/storage/pgstorage/pgstorage.go:48.16,51.3 2 0
github.com/maynagashev/go-metrics/internal/server/storage/pgstorage/pgstorage.go:53.2,60.104 2 0
github.com/maynagashev/go-metrics/internal/server/storage/pgstorage/pgstorage.go:60.104,62.3 1 0
github.com/maynagashev/go-metrics/internal/server/storage/pgstorage/pgstorage.go:63.2,63.15 1 0
github.com/maynagashev/go-metrics/internal/server/storage/pgstorage/pgstorage.go:69.35,70.19 1 1
github.com/maynagashev/go-metrics/internal/server/storage/pgstorage/pgstorage.go:70.19,72.3 1 0
github.com/maynagashev/go-metrics/internal/server/storage/pgstorage/pgstorage.go:73.2,73.12 1 1
github.com/maynagashev/go-metrics/internal/server/storage/pgstorage/pgstorage.go:76.52,79.16 3 1
github.com/maynagashev/go-metrics/internal/server/storage/pgstorage/pgstorage.go:79.16,81.3 1 1
github.com/maynagashev/go-metrics/internal/server/storage/pgstorage/pgstorage.go:82.2,82.14 1 1
github.com/maynagashev/go-metrics/internal/server/storage/pgstorage/pgstorage.go:85.70,88.16 3 0
github.com/maynagashev/go-metrics/internal/server/storage/pgstorage/pgstorage.go:88.16,91.3 2 0
github.com/maynagashev/go-metrics/internal/server/storage/pgstorage/pgstorage.go:92.2,94.18 2 0
github.com/maynagashev/go-metrics/internal/server/storage/pgstorage/pgstorage.go:94.18,97.17 3 0
github.com/maynagashev/go-metrics/internal/server/storage/pgstorage/pgstorage.go:97.17,100.4 2 0
github.com/maynagashev/go-metrics/internal/server/storage/pgstorage/pgstorage.go:101.3,101.32 1 0
github.com/maynagashev/go-metrics/internal/server/storage/pgstorage/pgstorage.go:104.2,104.14 1 0
github.com/maynagashev/go-metrics/internal/server/storage/pgstorage/pgstorage.go:112.26,117.35 4 1
github.com/maynagashev/go-metrics/internal/server/storage/pgstorage/pgstorage.go:117.35,121.17 3 1
github.com/maynagashev/go-metrics/internal/server/storage/pgstorage/pgstorage.go:121.17,123.4 1 1
github.com/maynagashev/go-metrics/internal/server/storage/pgstorage/pgstorage.go:126.3,127.29 2 1
github.com/maynagashev/go-metrics/internal/server/storage/pgstorage/pgstorage.go:127.29,128.31 1 0
github.com/maynagashev/go-metrics/internal/server/storage/pgstorage/pgstorage.go:128.31,131.13 3 0
github.com/maynagashev/go-metrics/internal/server/storage/pgstorage/pgstorage.go:136.3,136.8 1 1
github.com/maynagashev/go-metrics/internal/server/storage/pgstorage/pgstorage.go:140.2,140.16 1 1
github.com/maynagashev/go-metrics/internal/server/storage/pgstorage/pgstorage.go:140.16,142.3 1 1
github.com/maynagashev/go-metrics/internal/server/storage/pgstorage/pgstorage.go:143.2,143.32 1 1
github.com/maynagashev/go-metrics/internal/server/storage/pgstorage/pgstorage.go:147.90,149.9 2 0
github.com/maynagashev/go-metrics/internal/server/storage/pgstorage/pgstorage.go:149.9,151.3 1 0
github.com/maynagashev/go-metrics/internal/server/storage/pgstorage/pgstorage.go:152.2,152.40 1 0
github.com/maynagashev/go-metrics/internal/server/storage/pgstorage/pgstorage.go:156.86,158.9 2 0
github.com/maynagashev/go-metrics/internal/server/storage/pgstorage/pgstorage.go:158.9,160.3 1 0
github.com/maynagashev/go-metrics/internal/server/storage/pgstorage/pgstorage.go:161.2,161.38 1 0
github.com/maynagashev/go-metrics/internal/server/storage/pgstorage/pgstorage.go:164.84,169.8 3 1
github.com/maynagashev/go-metrics/internal/server/storage/pgstorage/pgstorage.go:169.8,171.3 1 1
github.com/maynagashev/go-metrics/internal/server/storage/pgstorage/pgstorage.go:171.8,173.3 1 1
github.com/maynagashev/go-metrics/internal/server/storage/pgstorage/pgstorage.go:176.2,177.16 2 1
github.com/maynagashev/go-metrics/internal/server/storage/pgstorage/pgstorage.go:177.16,180.3 2 1
github.com/maynagashev/go-metrics/internal/server/storage/pgstorage/pgstorage.go:181.2,181.12 1 1
github.com/maynagashev/go-metrics/internal/server/storage/pgstorage/pgstorage.go:185.86,194.16 4 0
github.com/maynagashev/go-metrics/internal/server/storage/pgstorage/pgstorage.go:194.16,196.3 1 0
github.com/maynagashev/go-metrics/internal/server/storage/pgstorage/pgstorage.go:199.2,199.15 1 0
github.com/maynagashev/go-metrics/internal/server/storage/pgstorage/pgstorage.go:199.15,200.17 1 0
github.com/maynagashev/go-metrics/internal/server/storage/pgstorage/pgstorage.go:200.17,201.82 1 0
github.com/maynagashev/go-metrics/internal/server/storage/pgstorage/pgstorage.go:201.82,203.5 1 0
github.com/maynagashev/go-metrics/internal/server/storage/pgstorage/pgstorage.go:207.2,208.29 2 0
github.com/maynagashev/go-metrics/internal/server/storage/pgstorage/pgstorage.go:208.29,210.3 1 0
github.com/maynagashev/go-metrics/internal/server/storage/pgstorage/pgstorage.go:213.2,215.45 3 0
github.com/maynagashev/go-metrics/internal/server/storage/pgstorage/pgstorage.go:215.45,218.3 2 0
github.com/maynagashev/go-metrics/internal/server/storage/pgstorage/pgstorage.go:220.2,220.16 1 0
github.com/maynagashev/go-metrics/internal/server/storage/pgstorage/pgstorage.go:220.16,223.3 2 0
github.com/maynagashev/go-metrics/internal/server/storage/pgstorage/pgstorage.go:226.2,226.38 1 0
github.com/maynagashev/go-metrics/internal/server/storage/pgstorage/pgstorage.go:226.38,229.3 2 0
github.com/maynagashev/go-metrics/internal/server/storage/pgstorage/pgstorage.go:231.2,231.12 1 0
github.com/maynagashev/go-metrics/internal/server/storage/pgstorage/pgstorage.go:235.49,236.18 1 1
github.com/maynagashev/go-metrics/internal/server/storage/pgstorage/pgstorage.go:240.22,241.14 1 1
github.com/maynagashev/go-metrics/internal/server/storage/pgstorage/pgstorage.go:242.10,243.15 1 1
github.com/maynagashev/go-metrics/internal/server/storage/pgstorage/migration/migration.go:17.50,21.16 4 0
github.com/maynagashev/go-metrics/internal/server/storage/pgstorage/migration/migration.go:21.16,22.13 1 0
github.com/maynagashev/go-metrics/internal/server/storage/pgstorage/migration/migration.go:25.2,25.30 1 0
github.com/maynagashev/go-metrics/internal/server/storage/pgstorage/migration/migration.go:25.30,26.42 1 0
github.com/maynagashev/go-metrics/internal/server/storage/pgstorage/migration/migration.go:26.42,29.4 2 0
github.com/maynagashev/go-metrics/internal/server/storage/pgstorage/migration/migration.go:30.3,30.13 1 0
github.com/maynagashev/go-metrics/internal/server/storage/pgstorage/migration/migration.go:33.2,34.12 2 0
github.com/maynagashev/go-metrics/pkg/random/float.go:12.38,15.16 2 1
github.com/maynagashev/go-metrics/pkg/random/float.go:15.16,17.3 1 0
github.com/maynagashev/go-metrics/pkg/random/float.go:20.2,22.20 2 1
github.com/maynagashev/go-metrics/internal/server/storage/memory/memory.go:30.80,40.28 3 1
github.com/maynagashev/go-metrics/internal/server/storage/memory/memory.go:40.28,42.17 2 1
github.com/maynagashev/go-metrics/internal/server/storage/memory/memory.go:42.17,44.4 1 1
github.com/maynagashev/go-metrics/internal/server/storage/memory/memory.go:48.2,48.33 1 1
github.com/maynagashev/go-metrics/internal/server/storage/memory/memory.go:48.33,49.31 1 0
github.com/maynagashev/go-metrics/internal/server/storage/memory/memory.go:50.23,51.27 1 0
github.com/maynagashev/go-metrics/internal/server/storage/memory/memory.go:52.25,53.29 1 0
github.com/maynagashev/go-metrics/internal/server/storage/memory/memory.go:58.2,58.48 1 1
github.com/maynagashev/go-metrics/internal/server/storage/memory/memory.go:58.48,60.13 2 0
github.com/maynagashev/go-metrics/internal/server/storage/memory/memory.go:60.13,61.8 1 0
github.com/maynagashev/go-metrics/internal/server/storage/memory/memory.go:61.8,71.19 4 0
github.com/maynagashev/go-metrics/internal/server/storage/memory/memory.go:71.19,73.6 1 0
github.com/maynagashev/go-metrics/internal/server/storage/memory/memory.go:78.2,78.19 1 1
github.com/maynagashev/go-metrics/internal/server/storage/memory/memory.go:81.37,82.54 1 1
github.com/maynagashev/go-metrics/internal/server/storage/memory/memory.go:82.54,84.3 1 0
github.com/maynagashev/go-metrics/internal/server/storage/memory/memory.go:85.2,85.12 1 1
github.com/maynagashev/go-metrics/internal/server/storage/memory/memory.go:89.81,91.2 1 1
github.com/maynagashev/go-metrics/internal/server/storage/memory/memory.go:94.88,96.2 1 1
github.com/maynagashev/go-metrics/internal/server/storage/memory/memory.go:99.84,100.22 1 1
github.com/maynagashev/go-metrics/internal/server/storage/memory/memory.go:101.25,102.26 1 1
github.com/maynagashev/go-metrics/internal/server/storage/memory/memory.go:102.26,104.4 1 0
github.com/maynagashev/go-metrics/internal/server/storage/memory/memory.go:105.3,105.60 1 1
github.com/maynagashev/go-metrics/internal/server/storage/memory/memory.go:106.27,107.26 1 1
github.com/maynagashev/go-metrics/internal/server/storage/memory/memory.go:107.26,109.4 1 0
github.com/maynagashev/go-metrics/internal/server/storage/memory/memory.go:110.3,110.67 1 1
github.com/maynagashev/go-metrics/internal/server/storage/memory/memory.go:111.10,112.65 1 1
github.com/maynagashev/go-metrics/internal/server/storage/memory/memory.go:116.2,116.53 1 1
github.com/maynagashev/go-metrics/internal/server/storage/memory/memory.go:116.53,118.17 2 1
github.com/maynagashev/go-metrics/internal/server/storage/memory/memory.go:118.17,123.4 1 0
github.com/maynagashev/go-metrics/internal/server/storage/memory/memory.go:125.2,125.12 1 1
github.com/maynagashev/go-metrics/internal/server/storage/memory/memory.go:128.88,129.29 1 1
github.com/maynagashev/go-metrics/internal/server/storage/memory/memory.go:129.29,131.17 2 1
github.com/maynagashev/go-metrics/internal/server/storage/memory/memory.go:131.17,133.4 1 0
github.com/maynagashev/go-metrics/internal/server/storage/memory/memory.go:135.2,135.12 1 1
github.com/maynagashev/go-metrics/internal/server/storage/memory/memory.go:138.50,140.2 1 1
github.com/maynagashev/go-metrics/internal/server/storage/memory/memory.go:142.54,144.2 1 1
github.com/maynagashev/go-metrics/internal/server/storage/memory/memory.go:146.86,149.2 2 1
github.com/maynagashev/go-metrics/internal/server/storage/memory/memory.go:151.90,154.2 2 1
github.com/maynagashev/go-metrics/internal/server/storage/memory/memory.go:156.52,158.2 1 1
github.com/maynagashev/go-metrics/internal/server/storage/memory/memory.go:164.26,165.15 1 1
github.com/maynagashev/go-metrics/internal/server/storage/memory/memory.go:166.27,172.8 2 1
github.com/maynagashev/go-metrics/internal/server/storage/memory/memory.go:173.25,179.8 2 1
github.com/maynagashev/go-metrics/internal/server/storage/memory/memory.go:181.2,181.32 1 0
github.com/maynagashev/go-metrics/internal/server/storage/memory/memory.go:185.72,187.40 2 1
github.com/maynagashev/go-metrics/internal/server/storage/memory/memory.go:187.40,192.3 1 1
github.com/maynagashev/go-metrics/internal/server/storage/memory/memory.go:193.2,193.42 1 1
github.com/maynagashev/go-metrics/internal/server/storage/memory/memory.go:193.42,198.3 1 1
github.com/maynagashev/go-metrics/internal/server/storage/memory/memory.go:200.2,200.14 1 1
github.com/maynagashev/go-metrics/internal/server/storage/memory/memory.go:204.50,214.35 5 1
github.com/maynagashev/go-metrics/internal/server/storage/memory/memory.go:214.35,217.17 2 1
github.com/maynagashev/go-metrics/internal/server/storage/memory/memory.go:217.17,218.9 1 1
github.com/maynagashev/go-metrics/internal/server/storage/memory/memory.go:220.3,221.53 2 0
github.com/maynagashev/go-metrics/internal/server/storage/memory/memory.go:224.2,224.16 1 1
github.com/maynagashev/go-metrics/internal/server/storage/memory/memory.go:224.16,226.3 1 0
github.com/maynagashev/go-metrics/internal/server/storage/memory/memory.go:229.2,229.15 1 1
github.com/maynagashev/go-metrics/internal/server/storage/memory/memory.go:229.15,231.17 2 1
github.com/maynagashev/go-metrics/internal/server/storage/memory/memory.go:231.17,233.4 1 0
github.com/maynagashev/go-metrics/internal/server/storage/memory/memory.go:237.2,240.16 4 1
github.com/maynagashev/go-metrics/internal/server/storage/memory/memory.go:240.16,242.3 1 0
github.com/maynagashev/go-metrics/internal/server/storage/memory/memory.go:244.2,244.12 1 1
github.com/maynagashev/go-metrics/internal/server/storage/memory/memory.go:248.54,254.16 4 1
github.com/maynagashev/go-metrics/internal/server/storage/memory/memory.go:254.16,256.3 1 0
github.com/maynagashev/go-metrics/internal/server/storage/memory/memory.go:257.2,257.15 1 1
github.com/maynagashev/go-metrics/internal/server/storage/memory/memory.go:257.15,259.17 2 1
github.com/maynagashev/go-metrics/internal/server/storage/memory/memory.go:259.17,261.4 1 0
github.com/maynagashev/go-metrics/internal/server/storage/memory/memory.go:265.2,268.16 4 1
github.com/maynagashev/go-metrics/internal/server/storage/memory/memory.go:268.16,270.3 1 1
github.com/maynagashev/go-metrics/internal/server/storage/memory/memory.go:273.2,273.24 1 1
github.com/maynagashev/go-metrics/internal/server/storage/memory/memory.go:273.24,275.17 2 1
github.com/maynagashev/go-metrics/internal/server/storage/memory/memory.go:275.17,277.4 1 0
github.com/maynagashev/go-metrics/internal/server/storage/memory/memory.go:281.2,286.12 2 1
github.com/maynagashev/go-metrics/internal/server/router/router.go:27.86,59.24 17 1
github.com/maynagashev/go-metrics/internal/server/router/router.go:59.24,61.46 2 1
github.com/maynagashev/go-metrics/internal/server/router/router.go:61.46,75.4 11 1
github.com/maynagashev/go-metrics/internal/server/router/router.go:78.2,78.10 1 1
github.com/maynagashev/go-metrics/internal/server/storage/pgstorage/migration/migration.go:17.50,21.16 4 0
github.com/maynagashev/go-metrics/internal/server/storage/pgstorage/migration/migration.go:21.16,22.13 1 0
github.com/maynagashev/go-metrics/internal/server/storage/pgstorage/migration/migration.go:25.2,25.30 1 0
github.com/maynagashev/go-metrics/internal/server/storage/pgstorage/migration/migration.go:25.30,26.42 1 0
github.com/maynagashev/go-metrics/internal/server/storage/pgstorage/migration/migration.go:26.42,29.4 2 0
github.com/maynagashev/go-metrics/internal/server/storage/pgstorage/migration/migration.go:30.3,30.13 1 0
github.com/maynagashev/go-metrics/internal/server/storage/pgstorage/migration/migration.go:33.2,34.12 2 0
github.com/maynagashev/go-metrics/cmd/staticlint/passes/errcheck/analyzer.go:65.38,67.16 2 1
github.com/maynagashev/go-metrics/cmd/staticlint/passes/errcheck/analyzer.go:67.16,68.44 1 0
github.com/maynagashev/go-metrics/cmd/staticlint/passes/errcheck/analyzer.go:70.2,71.16 2 1
github.com/maynagashev/go-metrics/cmd/staticlint/passes/errcheck/analyzer.go:71.16,72.29 1 0
github.com/maynagashev/go-metrics/cmd/staticlint/passes/errcheck/analyzer.go:74.2,75.23 2 1
github.com/maynagashev/go-metrics/cmd/staticlint/passes/errcheck/analyzer.go:75.23,76.40 1 0
github.com/maynagashev/go-metrics/cmd/staticlint/passes/errcheck/analyzer.go:78.2,79.9 2 1
github.com/maynagashev/go-metrics/cmd/staticlint/passes/errcheck/analyzer.go:79.9,80.42 1 0
github.com/maynagashev/go-metrics/cmd/staticlint/passes/errcheck/analyzer.go:82.2,82.14 1 1
github.com/maynagashev/go-metrics/cmd/staticlint/passes/errcheck/analyzer.go:87.39,93.2 1 1
github.com/maynagashev/go-metrics/cmd/staticlint/passes/errcheck/analyzer.go:101.37,103.2 1 1
github.com/maynagashev/go-metrics/cmd/staticlint/passes/errcheck/analyzer.go:114.44,120.2 1 1
github.com/maynagashev/go-metrics/cmd/staticlint/passes/errcheck/analyzer.go:128.66,130.9 2 1
github.com/maynagashev/go-metrics/cmd/staticlint/passes/errcheck/analyzer.go:130.9,132.3 1 1
github.com/maynagashev/go-metrics/cmd/staticlint/passes/errcheck/analyzer.go:134.2,135.9 2 1
github.com/maynagashev/go-metrics/cmd/staticlint/passes/errcheck/analyzer.go:135.9,137.3 1 0
github.com/maynagashev/go-metrics/cmd/staticlint/passes/errcheck/analyzer.go:140.2,144.39 3 1
github.com/maynagashev/go-metrics/cmd/staticlint/passes/errcheck/analyzer.go:144.39,145.42 1 1
github.com/maynagashev/go-metrics/cmd/staticlint/passes/errcheck/analyzer.go:145.42,147.4 1 1
github.com/maynagashev/go-metrics/cmd/staticlint/passes/errcheck/analyzer.go:150.2,150.14 1 0
github.com/maynagashev/go-metrics/cmd/staticlint/passes/errcheck/analyzer.go:158.59,160.9 2 1
github.com/maynagashev/go-metrics/cmd/staticlint/passes/errcheck/analyzer.go:160.9,162.3 1 0
github.com/maynagashev/go-metrics/cmd/staticlint/passes/errcheck/analyzer.go:163.2,163.68 1 1
github.com/maynagashev/go-metrics/cmd/staticlint/passes/errcheck/analyzer.go:163.68,166.3 2 1
github.com/maynagashev/go-metrics/cmd/staticlint/passes/errcheck/analyzer.go:174.64,176.9 2 1
github.com/maynagashev/go-metrics/cmd/staticlint/passes/errcheck/analyzer.go:176.9,178.3 1 0
github.com/maynagashev/go-metrics/cmd/staticlint/passes/errcheck/analyzer.go:179.2,179.36 1 1
github.com/maynagashev/go-metrics/cmd/staticlint/passes/errcheck/analyzer.go:179.36,181.3 1 1
github.com/maynagashev/go-metrics/cmd/staticlint/passes/errcheck/analyzer.go:182.2,183.23 2 1
github.com/maynagashev/go-metrics/cmd/staticlint/passes/errcheck/analyzer.go:183.23,184.84 1 1
github.com/maynagashev/go-metrics/cmd/staticlint/passes/errcheck/analyzer.go:184.84,187.4 2 1
github.com/maynagashev/go-metrics/cmd/staticlint/passes/errcheck/analyzer.go:196.64,197.23 1 1
github.com/maynagashev/go-metrics/cmd/staticlint/passes/errcheck/analyzer.go:197.23,199.15 2 1
github.com/maynagashev/go-metrics/cmd/staticlint/passes/errcheck/analyzer.go:199.15,200.12 1 0
github.com/maynagashev/go-metrics/cmd/staticlint/passes/errcheck/analyzer.go:202.3,203.14 2 1
github.com/maynagashev/go-metrics/cmd/staticlint/passes/errcheck/analyzer.go:203.14,204.12 1 1
github.com/maynagashev/go-metrics/cmd/staticlint/passes/errcheck/analyzer.go:206.3,206.37 1 1
github.com/maynagashev/go-metrics/cmd/staticlint/passes/errcheck/analyzer.go:206.37,207.12 1 0
github.com/maynagashev/go-metrics/cmd/staticlint/passes/errcheck/analyzer.go:209.3,209.52 1 1
github.com/maynagashev/go-metrics/cmd/staticlint/passes/errcheck/analyzer.go:209.52,212.4 2 0
github.com/maynagashev/go-metrics/cmd/staticlint/passes/errcheck/analyzer.go:223.58,224.26 1 1
github.com/maynagashev/go-metrics/cmd/staticlint/passes/errcheck/analyzer.go:225.21,226.23 1 1
github.com/maynagashev/go-metrics/cmd/staticlint/passes/errcheck/analyzer.go:227.23,228.22 1 1
github.com/maynagashev/go-metrics/cmd/staticlint/passes/errcheck/analyzer.go:228.22,230.4 1 1
github.com/maynagashev/go-metrics/cmd/staticlint/passes/errcheck/analyzer.go:230.9,232.4 1 1
github.com/maynagashev/go-metrics/cmd/staticlint/passes/errcheck/analyzer.go:234.2,234.13 1 1
github.com/maynagashev/go-metrics/cmd/staticlint/passes/errcheck/analyzer.go:244.52,250.34 2 1
github.com/maynagashev/go-metrics/cmd/staticlint/passes/errcheck/analyzer.go:250.34,253.3 1 1
github.com/maynagashev/go-metrics/cmd/staticlint/passes/errcheck/analyzer.go:256.2,256.17 1 1
github.com/maynagashev/go-metrics/cmd/staticlint/passes/errcheck/analyzer.go:266.67,269.21 2 1
github.com/maynagashev/go-metrics/cmd/staticlint/passes/errcheck/analyzer.go:269.21,271.3 1 0
github.com/maynagashev/go-metrics/cmd/staticlint/passes/errcheck/analyzer.go:274.2,274.30 1 1
github.com/maynagashev/go-metrics/cmd/staticlint/passes/errcheck/analyzer.go:275.20,279.20 3 1
github.com/maynagashev/go-metrics/cmd/staticlint/passes/errcheck/analyzer.go:279.20,281.4 1 1
github.com/maynagashev/go-metrics/cmd/staticlint/passes/errcheck/analyzer.go:282.3,282.13 1 1
github.com/maynagashev/go-metrics/cmd/staticlint/passes/errcheck/analyzer.go:283.10,285.39 1 1
github.com/maynagashev/go-metrics/cmd/staticlint/passes/errcheck/analyzer.go:295.66,298.20 2 1
github.com/maynagashev/go-metrics/cmd/staticlint/passes/errcheck/analyzer.go:298.20,300.3 1 0
github.com/maynagashev/go-metrics/cmd/staticlint/passes/errcheck/analyzer.go:303.2,303.32 1 1
github.com/maynagashev/go-metrics/cmd/staticlint/passes/errcheck/analyzer.go:303.32,304.12 1 1
github.com/maynagashev/go-metrics/cmd/staticlint/passes/errcheck/analyzer.go:304.12,306.4 1 1
github.com/maynagashev/go-metrics/cmd/staticlint/passes/errcheck/analyzer.go:308.2,308.14 1 0
github.com/maynagashev/go-metrics/cmd/staticlint/passes/noexit/analyzer.go:60.39,67.2 1 1
github.com/maynagashev/go-metrics/cmd/staticlint/passes/noexit/analyzer.go:76.52,79.9 2 1
github.com/maynagashev/go-metrics/cmd/staticlint/passes/noexit/analyzer.go:79.9,81.3 1 0
github.com/maynagashev/go-metrics/cmd/staticlint/passes/noexit/analyzer.go:83.2,84.9 2 1
github.com/maynagashev/go-metrics/cmd/staticlint/passes/noexit/analyzer.go:84.9,86.3 1 0
github.com/maynagashev/go-metrics/cmd/staticlint/passes/noexit/analyzer.go:89.2,94.40 2 1
github.com/maynagashev/go-metrics/cmd/staticlint/passes/noexit/analyzer.go:94.40,96.3 1 0
github.com/maynagashev/go-metrics/cmd/staticlint/passes/noexit/analyzer.go:99.2,99.48 1 1
github.com/maynagashev/go-metrics/cmd/staticlint/passes/noexit/analyzer.go:99.48,101.18 2 1
github.com/maynagashev/go-metrics/cmd/staticlint/passes/noexit/analyzer.go:101.18,103.4 1 0
github.com/maynagashev/go-metrics/cmd/staticlint/passes/noexit/analyzer.go:106.3,106.36 1 1
github.com/maynagashev/go-metrics/cmd/staticlint/passes/noexit/analyzer.go:106.36,108.4 1 1
github.com/maynagashev/go-metrics/cmd/staticlint/passes/noexit/analyzer.go:111.3,111.35 1 1
github.com/maynagashev/go-metrics/cmd/staticlint/passes/noexit/analyzer.go:111.35,113.4 1 1
github.com/maynagashev/go-metrics/cmd/staticlint/passes/noexit/analyzer.go:116.2,116.17 1 1
github.com/maynagashev/go-metrics/cmd/staticlint/passes/noexit/analyzer.go:128.60,131.31 2 1
github.com/maynagashev/go-metrics/cmd/staticlint/passes/noexit/analyzer.go:131.31,132.40 1 1
github.com/maynagashev/go-metrics/cmd/staticlint/passes/noexit/analyzer.go:132.40,133.39 1 1
github.com/maynagashev/go-metrics/cmd/staticlint/passes/noexit/analyzer.go:133.39,134.31 1 1
github.com/maynagashev/go-metrics/cmd/staticlint/passes/noexit/analyzer.go:134.31,136.58 1 1
github.com/maynagashev/go-metrics/cmd/staticlint/passes/noexit/analyzer.go:136.58,139.7 2 1
github.com/maynagashev/go-metrics/cmd/staticlint/passes/noexit/analyzer.go:142.4,142.15 1 1
github.com/maynagashev/go-metrics/cmd/staticlint/passes/noexit/analyzer.go:144.3,144.27 1 1
github.com/maynagashev/go-metrics/cmd/staticlint/passes/noexit/analyzer.go:144.27,145.9 1 1
github.com/maynagashev/go-metrics/cmd/staticlint/passes/noexit/analyzer.go:149.2,149.66 1 1
github.com/maynagashev/go-metrics/cmd/staticlint/passes/noexit/analyzer.go:161.65,164.9 2 1
github.com/maynagashev/go-metrics/cmd/staticlint/passes/noexit/analyzer.go:164.9,166.3 1 0
github.com/maynagashev/go-metrics/cmd/staticlint/passes/noexit/analyzer.go:169.2,170.9 2 1
github.com/maynagashev/go-metrics/cmd/staticlint/passes/noexit/analyzer.go:170.9,172.3 1 0
github.com/maynagashev/go-metrics/cmd/staticlint/passes/noexit/analyzer.go:175.2,176.38 2 1
github.com/maynagashev/go-metrics/cmd/staticlint/passes/noexit/analyzer.go:176.38,178.3 1 1
github.com/maynagashev/go-metrics/cmd/staticlint/passes/noexit/analyzer.go:181.2,181.31 1 1
github.com/maynagashev/go-metrics/pkg/crypto/crypto.go:43.57,45.16 2 1
github.com/maynagashev/go-metrics/pkg/crypto/crypto.go:45.16,47.3 1 0
github.com/maynagashev/go-metrics/pkg/crypto/crypto.go:49.2,50.18 2 1
github.com/maynagashev/go-metrics/pkg/crypto/crypto.go:50.18,52.3 1 0
github.com/maynagashev/go-metrics/pkg/crypto/crypto.go:55.2,55.20 1 1
github.com/maynagashev/go-metrics/pkg/crypto/crypto.go:56.21,58.21 2 1
github.com/maynagashev/go-metrics/pkg/crypto/crypto.go:58.21,60.4 1 0
github.com/maynagashev/go-metrics/pkg/crypto/crypto.go:62.3,63.10 2 1
github.com/maynagashev/go-metrics/pkg/crypto/crypto.go:63.10,65.4 1 0
github.com/maynagashev/go-metrics/pkg/crypto/crypto.go:67.3,67.21 1 1
github.com/maynagashev/go-metrics/pkg/crypto/crypto.go:69.20,71.20 2 0
github.com/maynagashev/go-metrics/pkg/crypto/crypto.go:71.20,73.4 1 0
github.com/maynagashev/go-metrics/pkg/crypto/crypto.go:75.3,76.10 2 0
github.com/maynagashev/go-metrics/pkg/crypto/crypto.go:76.10,78.4 1 0
github.com/maynagashev/go-metrics/pkg/crypto/crypto.go:80.3,80.21 1 0
github.com/maynagashev/go-metrics/pkg/crypto/crypto.go:82.10,83.95 1 0
github.com/maynagashev/go-metrics/pkg/crypto/crypto.go:88.59,90.16 2 1
github.com/maynagashev/go-metrics/pkg/crypto/crypto.go:90.16,92.3 1 0
github.com/maynagashev/go-metrics/pkg/crypto/crypto.go:94.2,95.18 2 1
github.com/maynagashev/go-metrics/pkg/crypto/crypto.go:95.18,97.3 1 0
github.com/maynagashev/go-metrics/pkg/crypto/crypto.go:100.2,100.20 1 1
github.com/maynagashev/go-metrics/pkg/crypto/crypto.go:101.25,103.48 1 1
github.com/maynagashev/go-metrics/pkg/crypto/crypto.go:105.21,108.21 2 0
github.com/maynagashev/go-metrics/pkg/crypto/crypto.go:108.21,110.4 1 0
github.com/maynagashev/go-metrics/pkg/crypto/crypto.go:112.3,113.10 2 0
github.com/maynagashev/go-metrics/pkg/crypto/crypto.go:113.10,115.4 1 0
github.com/maynagashev/go-metrics/pkg/crypto/crypto.go:117.3,117.22 1 0
github.com/maynagashev/go-metrics/pkg/crypto/crypto.go:119.10,120.95 1 0
github.com/maynagashev/go-metrics/pkg/crypto/crypto.go:127.69,129.2 1 1
github.com/maynagashev/go-metrics/pkg/crypto/crypto.go:132.77,134.2 1 1
github.com/maynagashev/go-metrics/pkg/crypto/crypto.go:137.78,144.47 3 1
github.com/maynagashev/go-metrics/pkg/crypto/crypto.go:144.47,146.22 2 1
github.com/maynagashev/go-metrics/pkg/crypto/crypto.go:146.22,148.4 1 1
github.com/maynagashev/go-metrics/pkg/crypto/crypto.go:149.3,149.39 1 1
github.com/maynagashev/go-metrics/pkg/crypto/crypto.go:153.2,154.31 2 1
github.com/maynagashev/go-metrics/pkg/crypto/crypto.go:154.31,156.17 2 1
github.com/maynagashev/go-metrics/pkg/crypto/crypto.go:156.17,158.4 1 0
github.com/maynagashev/go-metrics/pkg/crypto/crypto.go:159.3,159.60 1 1
github.com/maynagashev/go-metrics/pkg/crypto/crypto.go:163.2,166.44 2 1
github.com/maynagashev/go-metrics/pkg/crypto/crypto.go:166.44,171.3 1 0
github.com/maynagashev/go-metrics/pkg/crypto/crypto.go:175.2,176.75 2 1
github.com/maynagashev/go-metrics/pkg/crypto/crypto.go:176.75,178.3 1 0
github.com/maynagashev/go-metrics/pkg/crypto/crypto.go:181.2,181.40 1 1
github.com/maynagashev/go-metrics/pkg/crypto/crypto.go:181.40,183.35 1 1
github.com/maynagashev/go-metrics/pkg/crypto/crypto.go:183.35,185.4 1 0
github.com/maynagashev/go-metrics/pkg/crypto/crypto.go:189.3,190.76 2 1
github.com/maynagashev/go-metrics/pkg/crypto/crypto.go:190.76,192.4 1 0
github.com/maynagashev/go-metrics/pkg/crypto/crypto.go:195.3,195.48 1 1
github.com/maynagashev/go-metrics/pkg/crypto/crypto.go:195.48,197.4 1 0
github.com/maynagashev/go-metrics/pkg/crypto/crypto.go:200.2,200.28 1 1
github.com/maynagashev/go-metrics/pkg/crypto/crypto.go:204.80,209.74 3 1
github.com/maynagashev/go-metrics/pkg/crypto/crypto.go:209.74,211.3 1 0
github.com/maynagashev/go-metrics/pkg/crypto/crypto.go:214.2,215.27 2 1
github.com/maynagashev/go-metrics/pkg/crypto/crypto.go:215.27,218.75 2 1
github.com/maynagashev/go-metrics/pkg/crypto/crypto.go:218.75,220.4 1 0
github.com/maynagashev/go-metrics/pkg/crypto/crypto.go:223.3,224.47 2 1
github.com/maynagashev/go-metrics/pkg/crypto/crypto.go:224.47,226.4 1 0
github.com/maynagashev/go-metrics/pkg/crypto/crypto.go:229.3,230.17 2 1
github.com/maynagashev/go-metrics/pkg/crypto/crypto.go:230.17,232.4 1 0
github.com/maynagashev/go-metrics/pkg/crypto/crypto.go:235.3,235.67 1 1
github.com/maynagashev/go-metrics/pkg/crypto/crypto.go:235.67,237.4 1 0
github.com/maynagashev/go-metrics/pkg/crypto/crypto.go:240.2,240.28 1 1
github.com/maynagashev/go-metrics/pkg/crypto/crypto.go:245.76,266.16 3 1
github.com/maynagashev/go-metrics/pkg/crypto/crypto.go:266.16,268.3 1 0
github.com/maynagashev/go-metrics/pkg/crypto/crypto.go:271.2,278.16 2 1
github.com/maynagashev/go-metrics/pkg/crypto/crypto.go:278.16,280.3 1 0
github.com/maynagashev/go-metrics/pkg/crypto/crypto.go:283.2,284.16 2 1
github.com/maynagashev/go-metrics/pkg/crypto/crypto.go:284.16,286.3 1 0
github.com/maynagashev/go-metrics/pkg/crypto/crypto.go:287.2,294.78 3 1
github.com/maynagashev/go-metrics/pkg/crypto/crypto.go:294.78,296.3 1 0
github.com/maynagashev/go-metrics/pkg/crypto/crypto.go:299.2,300.16 2 1
github.com/maynagashev/go-metrics/pkg/crypto/crypto.go:300.16,302.3 1 0
github.com/maynagashev/go-metrics/pkg/crypto/crypto.go:303.2,311.76 3 1
github.com/maynagashev/go-metrics/pkg/crypto/crypto.go:311.76,313.3 1 0
github.com/maynagashev/go-metrics/pkg/crypto/crypto.go:315.2,315.12 1 1
